
*** Running vivado
    with args -log top_module.vdi -applog -m64 -product Vivado -messageDb vivado.pb -mode batch -source top_module.tcl -notrace


****** Vivado v2018.3 (64-bit)
  **** SW Build 2405991 on Thu Dec  6 23:38:27 MST 2018
  **** IP Build 2404404 on Fri Dec  7 01:43:56 MST 2018
    ** Copyright 1986-2018 Xilinx, Inc. All Rights Reserved.

source top_module.tcl -notrace
Command: link_design -top top_module -part xc7a35tcpg236-1
Design is defaulting to srcset: sources_1
Design is defaulting to constrset: constrs_1
INFO: [Netlist 29-17] Analyzing 492 Unisim elements for replacement
INFO: [Netlist 29-28] Unisim Transformation completed in 0 CPU seconds
INFO: [Project 1-479] Netlist was created with Vivado 2018.3
INFO: [Device 21-403] Loading part xc7a35tcpg236-1
INFO: [Project 1-570] Preparing netlist for logic optimization
Parsing XDC File [D:/VUB/MA1/digital architecture/design_project/design_project.srcs/constrs_1/new/proj_ctr.xdc]
Finished Parsing XDC File [D:/VUB/MA1/digital architecture/design_project/design_project.srcs/constrs_1/new/proj_ctr.xdc]
INFO: [Opt 31-138] Pushed 0 inverter(s) to 0 load pin(s).
Netlist sorting complete. Time (s): cpu = 00:00:00 ; elapsed = 00:00:00.001 . Memory (MB): peak = 557.008 ; gain = 0.000
INFO: [Project 1-111] Unisim Transformation Summary:
No Unisim elements were transformed.

7 Infos, 0 Warnings, 0 Critical Warnings and 0 Errors encountered.
link_design completed successfully
link_design: Time (s): cpu = 00:00:05 ; elapsed = 00:00:07 . Memory (MB): peak = 561.066 ; gain = 301.883
Command: opt_design
Attempting to get a license for feature 'Implementation' and/or device 'xc7a35t'
INFO: [Common 17-349] Got license for feature 'Implementation' and/or device 'xc7a35t'
Running DRC as a precondition to command opt_design

Starting DRC Task
INFO: [DRC 23-27] Running DRC with 2 threads
INFO: [Project 1-461] DRC finished with 0 Errors
INFO: [Project 1-462] Please refer to the DRC report (report_drc) for more information.

Time (s): cpu = 00:00:02 ; elapsed = 00:00:00.872 . Memory (MB): peak = 571.770 ; gain = 10.703

Starting Cache Timing Information Task
INFO: [Timing 38-35] Done setting XDC timing constraints.
Ending Cache Timing Information Task | Checksum: 1b18cf67e

Time (s): cpu = 00:00:09 ; elapsed = 00:00:10 . Memory (MB): peak = 1124.156 ; gain = 552.387

Starting Logic Optimization Task

Phase 1 Retarget
INFO: [Opt 31-138] Pushed 0 inverter(s) to 0 load pin(s).
INFO: [Opt 31-49] Retargeted 0 cell(s).
Phase 1 Retarget | Checksum: 1b18cf67e

Time (s): cpu = 00:00:00 ; elapsed = 00:00:00.120 . Memory (MB): peak = 1223.102 ; gain = 0.000
INFO: [Opt 31-389] Phase Retarget created 0 cells and removed 0 cells

Phase 2 Constant propagation
INFO: [Opt 31-138] Pushed 0 inverter(s) to 0 load pin(s).
Phase 2 Constant propagation | Checksum: 1b18cf67e

Time (s): cpu = 00:00:00 ; elapsed = 00:00:00.160 . Memory (MB): peak = 1223.102 ; gain = 0.000
INFO: [Opt 31-389] Phase Constant propagation created 0 cells and removed 0 cells

Phase 3 Sweep
Phase 3 Sweep | Checksum: 20849fba3

Time (s): cpu = 00:00:00 ; elapsed = 00:00:00.190 . Memory (MB): peak = 1223.102 ; gain = 0.000
INFO: [Opt 31-389] Phase Sweep created 0 cells and removed 0 cells

Phase 4 BUFG optimization
Phase 4 BUFG optimization | Checksum: 20849fba3

Time (s): cpu = 00:00:00 ; elapsed = 00:00:00.236 . Memory (MB): peak = 1223.102 ; gain = 0.000
INFO: [Opt 31-662] Phase BUFG optimization created 0 cells of which 0 are BUFGs and removed 0 cells.

Phase 5 Shift Register Optimization
Phase 5 Shift Register Optimization | Checksum: 216d93db8

Time (s): cpu = 00:00:00 ; elapsed = 00:00:00.368 . Memory (MB): peak = 1223.102 ; gain = 0.000
INFO: [Opt 31-389] Phase Shift Register Optimization created 0 cells and removed 0 cells

Phase 6 Post Processing Netlist
Phase 6 Post Processing Netlist | Checksum: 216d93db8

Time (s): cpu = 00:00:00 ; elapsed = 00:00:00.381 . Memory (MB): peak = 1223.102 ; gain = 0.000
INFO: [Opt 31-389] Phase Post Processing Netlist created 0 cells and removed 0 cells
Opt_design Change Summary
=========================


-------------------------------------------------------------------------------------------------------------------------
|  Phase                        |  #Cells created  |  #Cells Removed  |  #Constrained objects preventing optimizations  |
-------------------------------------------------------------------------------------------------------------------------
|  Retarget                     |               0  |               0  |                                              0  |
|  Constant propagation         |               0  |               0  |                                              0  |
|  Sweep                        |               0  |               0  |                                              0  |
|  BUFG optimization            |               0  |               0  |                                              0  |
|  Shift Register Optimization  |               0  |               0  |                                              0  |
|  Post Processing Netlist      |               0  |               0  |                                              0  |
-------------------------------------------------------------------------------------------------------------------------



Starting Connectivity Check Task

Time (s): cpu = 00:00:00 ; elapsed = 00:00:00.006 . Memory (MB): peak = 1223.102 ; gain = 0.000
Ending Logic Optimization Task | Checksum: 216d93db8

Time (s): cpu = 00:00:00 ; elapsed = 00:00:00.394 . Memory (MB): peak = 1223.102 ; gain = 0.000

Starting Power Optimization Task
INFO: [Pwropt 34-132] Skipping clock gating for clocks with a period < 2.00 ns.
Ending Power Optimization Task | Checksum: 216d93db8

Time (s): cpu = 00:00:00 ; elapsed = 00:00:00.012 . Memory (MB): peak = 1223.102 ; gain = 0.000

Starting Final Cleanup Task
Ending Final Cleanup Task | Checksum: 216d93db8

Time (s): cpu = 00:00:00 ; elapsed = 00:00:00 . Memory (MB): peak = 1223.102 ; gain = 0.000

Starting Netlist Obfuscation Task
Netlist sorting complete. Time (s): cpu = 00:00:00 ; elapsed = 00:00:00.001 . Memory (MB): peak = 1223.102 ; gain = 0.000
Ending Netlist Obfuscation Task | Checksum: 216d93db8

Time (s): cpu = 00:00:00 ; elapsed = 00:00:00.001 . Memory (MB): peak = 1223.102 ; gain = 0.000
INFO: [Common 17-83] Releasing license: Implementation
23 Infos, 0 Warnings, 0 Critical Warnings and 0 Errors encountered.
opt_design completed successfully
opt_design: Time (s): cpu = 00:00:13 ; elapsed = 00:00:13 . Memory (MB): peak = 1223.102 ; gain = 662.035
Netlist sorting complete. Time (s): cpu = 00:00:00 ; elapsed = 00:00:00 . Memory (MB): peak = 1223.102 ; gain = 0.000
INFO: [Timing 38-480] Writing timing data to binary archive.
Writing placer database...
Writing XDEF routing.
Writing XDEF routing logical nets.
Writing XDEF routing special nets.
Write XDEF Complete: Time (s): cpu = 00:00:00 ; elapsed = 00:00:00.039 . Memory (MB): peak = 1223.102 ; gain = 0.000
Netlist sorting complete. Time (s): cpu = 00:00:00 ; elapsed = 00:00:00.001 . Memory (MB): peak = 1223.102 ; gain = 0.000
INFO: [Common 17-1381] The checkpoint 'D:/VUB/MA1/digital architecture/design_project/design_project.runs/impl_1/top_module_opt.dcp' has been generated.
INFO: [runtcl-4] Executing : report_drc -file top_module_drc_opted.rpt -pb top_module_drc_opted.pb -rpx top_module_drc_opted.rpx
Command: report_drc -file top_module_drc_opted.rpt -pb top_module_drc_opted.pb -rpx top_module_drc_opted.rpx
INFO: [IP_Flow 19-234] Refreshing IP repositories
INFO: [IP_Flow 19-1704] No user IP repositories specified
INFO: [IP_Flow 19-2313] Loaded Vivado IP repository 'C:/Xilinx/Vivado/2018.3/data/ip'.
INFO: [DRC 23-27] Running DRC with 2 threads
INFO: [Coretcl 2-168] The results of DRC are in file D:/VUB/MA1/digital architecture/design_project/design_project.runs/impl_1/top_module_drc_opted.rpt.
report_drc completed successfully
Command: place_design
Attempting to get a license for feature 'Implementation' and/or device 'xc7a35t'
INFO: [Common 17-349] Got license for feature 'Implementation' and/or device 'xc7a35t'
INFO: [DRC 23-27] Running DRC with 2 threads
INFO: [Vivado_Tcl 4-198] DRC finished with 0 Errors
INFO: [Vivado_Tcl 4-199] Please refer to the DRC report (report_drc) for more information.
Running DRC as a precondition to command place_design
INFO: [DRC 23-27] Running DRC with 2 threads
INFO: [Vivado_Tcl 4-198] DRC finished with 0 Errors
INFO: [Vivado_Tcl 4-199] Please refer to the DRC report (report_drc) for more information.

Starting Placer Task
INFO: [Place 30-611] Multithreading enabled for place_design using a maximum of 2 CPUs

Phase 1 Placer Initialization

Phase 1.1 Placer Initialization Netlist Sorting
Netlist sorting complete. Time (s): cpu = 00:00:00 ; elapsed = 00:00:00.001 . Memory (MB): peak = 1223.102 ; gain = 0.000
Phase 1.1 Placer Initialization Netlist Sorting | Checksum: 1ea425fcc

Time (s): cpu = 00:00:00 ; elapsed = 00:00:00.005 . Memory (MB): peak = 1223.102 ; gain = 0.000
Netlist sorting complete. Time (s): cpu = 00:00:00 ; elapsed = 00:00:00.001 . Memory (MB): peak = 1223.102 ; gain = 0.000

Phase 1.2 IO Placement/ Clock Placement/ Build Placer Device
INFO: [Timing 38-35] Done setting XDC timing constraints.
Phase 1.2 IO Placement/ Clock Placement/ Build Placer Device | Checksum: 9eccb79f

Time (s): cpu = 00:00:01 ; elapsed = 00:00:01 . Memory (MB): peak = 1223.102 ; gain = 0.000

Phase 1.3 Build Placer Netlist Model
Phase 1.3 Build Placer Netlist Model | Checksum: ff519863

Time (s): cpu = 00:00:01 ; elapsed = 00:00:01 . Memory (MB): peak = 1223.102 ; gain = 0.000

Phase 1.4 Constrain Clocks/Macros
Phase 1.4 Constrain Clocks/Macros | Checksum: ff519863

Time (s): cpu = 00:00:01 ; elapsed = 00:00:01 . Memory (MB): peak = 1223.102 ; gain = 0.000
Phase 1 Placer Initialization | Checksum: ff519863

Time (s): cpu = 00:00:01 ; elapsed = 00:00:01 . Memory (MB): peak = 1223.102 ; gain = 0.000

Phase 2 Global Placement

Phase 2.1 Floorplanning
Phase 2.1 Floorplanning | Checksum: ff519863

Time (s): cpu = 00:00:01 ; elapsed = 00:00:01 . Memory (MB): peak = 1223.102 ; gain = 0.000
WARNING: [Place 46-29] place_design is not in timing mode. Skip physical synthesis in placer
Phase 2 Global Placement | Checksum: f84f2268

Time (s): cpu = 00:00:04 ; elapsed = 00:00:06 . Memory (MB): peak = 1223.102 ; gain = 0.000

Phase 3 Detail Placement

Phase 3.1 Commit Multi Column Macros
Phase 3.1 Commit Multi Column Macros | Checksum: f84f2268

Time (s): cpu = 00:00:04 ; elapsed = 00:00:06 . Memory (MB): peak = 1223.102 ; gain = 0.000

Phase 3.2 Commit Most Macros & LUTRAMs
Phase 3.2 Commit Most Macros & LUTRAMs | Checksum: 16e3757fa

Time (s): cpu = 00:00:04 ; elapsed = 00:00:06 . Memory (MB): peak = 1223.180 ; gain = 0.078

Phase 3.3 Area Swap Optimization
Phase 3.3 Area Swap Optimization | Checksum: 15e1a8e50

Time (s): cpu = 00:00:04 ; elapsed = 00:00:06 . Memory (MB): peak = 1223.219 ; gain = 0.117

Phase 3.4 Pipeline Register Optimization
Phase 3.4 Pipeline Register Optimization | Checksum: 15e1a8e50

Time (s): cpu = 00:00:04 ; elapsed = 00:00:06 . Memory (MB): peak = 1223.219 ; gain = 0.117

Phase 3.5 Small Shape Detail Placement
Phase 3.5 Small Shape Detail Placement | Checksum: 190b5bbca

Time (s): cpu = 00:00:06 ; elapsed = 00:00:07 . Memory (MB): peak = 1226.734 ; gain = 3.633

Phase 3.6 Re-assign LUT pins
Phase 3.6 Re-assign LUT pins | Checksum: 190b5bbca

Time (s): cpu = 00:00:06 ; elapsed = 00:00:07 . Memory (MB): peak = 1226.734 ; gain = 3.633

Phase 3.7 Pipeline Register Optimization
Phase 3.7 Pipeline Register Optimization | Checksum: 190b5bbca

Time (s): cpu = 00:00:06 ; elapsed = 00:00:07 . Memory (MB): peak = 1226.734 ; gain = 3.633
Phase 3 Detail Placement | Checksum: 190b5bbca

Time (s): cpu = 00:00:06 ; elapsed = 00:00:07 . Memory (MB): peak = 1226.734 ; gain = 3.633

Phase 4 Post Placement Optimization and Clean-Up

Phase 4.1 Post Commit Optimization
Phase 4.1 Post Commit Optimization | Checksum: 190b5bbca

Time (s): cpu = 00:00:06 ; elapsed = 00:00:07 . Memory (MB): peak = 1226.734 ; gain = 3.633

Phase 4.2 Post Placement Cleanup
Phase 4.2 Post Placement Cleanup | Checksum: 190b5bbca

Time (s): cpu = 00:00:06 ; elapsed = 00:00:08 . Memory (MB): peak = 1226.734 ; gain = 3.633

Phase 4.3 Placer Reporting
Phase 4.3 Placer Reporting | Checksum: 190b5bbca

Time (s): cpu = 00:00:06 ; elapsed = 00:00:08 . Memory (MB): peak = 1226.734 ; gain = 3.633

Phase 4.4 Final Placement Cleanup
Netlist sorting complete. Time (s): cpu = 00:00:00 ; elapsed = 00:00:00.001 . Memory (MB): peak = 1226.734 ; gain = 0.000
Phase 4.4 Final Placement Cleanup | Checksum: 1ee340c99

Time (s): cpu = 00:00:06 ; elapsed = 00:00:08 . Memory (MB): peak = 1226.734 ; gain = 3.633
Phase 4 Post Placement Optimization and Clean-Up | Checksum: 1ee340c99

Time (s): cpu = 00:00:06 ; elapsed = 00:00:08 . Memory (MB): peak = 1226.734 ; gain = 3.633
Ending Placer Task | Checksum: 1350bdcd8

Time (s): cpu = 00:00:06 ; elapsed = 00:00:08 . Memory (MB): peak = 1226.734 ; gain = 3.633
INFO: [Common 17-83] Releasing license: Implementation
41 Infos, 1 Warnings, 0 Critical Warnings and 0 Errors encountered.
place_design completed successfully
place_design: Time (s): cpu = 00:00:08 ; elapsed = 00:00:08 . Memory (MB): peak = 1226.734 ; gain = 3.633
Netlist sorting complete. Time (s): cpu = 00:00:00 ; elapsed = 00:00:00.001 . Memory (MB): peak = 1226.734 ; gain = 0.000
INFO: [Timing 38-480] Writing timing data to binary archive.
Writing placer database...
Netlist sorting complete. Time (s): cpu = 00:00:00 ; elapsed = 00:00:00.001 . Memory (MB): peak = 1233.328 ; gain = 0.000
Writing XDEF routing.
Writing XDEF routing logical nets.
Writing XDEF routing special nets.
Write XDEF Complete: Time (s): cpu = 00:00:01 ; elapsed = 00:00:00.357 . Memory (MB): peak = 1236.957 ; gain = 10.223
INFO: [Common 17-1381] The checkpoint 'D:/VUB/MA1/digital architecture/design_project/design_project.runs/impl_1/top_module_placed.dcp' has been generated.
INFO: [runtcl-4] Executing : report_io -file top_module_io_placed.rpt
report_io: Time (s): cpu = 00:00:00 ; elapsed = 00:00:00.101 . Memory (MB): peak = 1236.957 ; gain = 0.000
INFO: [runtcl-4] Executing : report_utilization -file top_module_utilization_placed.rpt -pb top_module_utilization_placed.pb
INFO: [runtcl-4] Executing : report_control_sets -verbose -file top_module_control_sets_placed.rpt
report_control_sets: Time (s): cpu = 00:00:00 ; elapsed = 00:00:00.009 . Memory (MB): peak = 1236.957 ; gain = 0.000
Command: route_design
Attempting to get a license for feature 'Implementation' and/or device 'xc7a35t'
INFO: [Common 17-349] Got license for feature 'Implementation' and/or device 'xc7a35t'
Running DRC as a precondition to command route_design
INFO: [DRC 23-27] Running DRC with 2 threads
INFO: [Vivado_Tcl 4-198] DRC finished with 0 Errors
INFO: [Vivado_Tcl 4-199] Please refer to the DRC report (report_drc) for more information.


Starting Routing Task
INFO: [Route 35-254] Multithreading enabled for route_design using a maximum of 2 CPUs
Checksum: PlaceDB: cf9ef852 ConstDB: 0 ShapeSum: 656ce486 RouteDB: 0

Phase 1 Build RT Design
Phase 1 Build RT Design | Checksum: b85a51d6

Time (s): cpu = 00:00:38 ; elapsed = 00:00:34 . Memory (MB): peak = 1362.035 ; gain = 125.078
Post Restoration Checksum: NetGraph: 25875b2a NumContArr: 92d2f6ac Constraints: 0 Timing: 0

Phase 2 Router Initialization
INFO: [Route 35-64] No timing constraints were detected. The router will operate in resource-optimization mode.

Phase 2.1 Fix Topology Constraints
Phase 2.1 Fix Topology Constraints | Checksum: b85a51d6

Time (s): cpu = 00:00:38 ; elapsed = 00:00:34 . Memory (MB): peak = 1368.078 ; gain = 131.121

Phase 2.2 Pre Route Cleanup
Phase 2.2 Pre Route Cleanup | Checksum: b85a51d6

Time (s): cpu = 00:00:38 ; elapsed = 00:00:34 . Memory (MB): peak = 1368.078 ; gain = 131.121
 Number of Nodes with overlaps = 0
Phase 2 Router Initialization | Checksum: 15c16dc7b

Time (s): cpu = 00:00:38 ; elapsed = 00:00:34 . Memory (MB): peak = 1372.055 ; gain = 135.098

Phase 3 Initial Routing
Phase 3 Initial Routing | Checksum: 1003b07f4

Time (s): cpu = 00:00:38 ; elapsed = 00:00:35 . Memory (MB): peak = 1372.055 ; gain = 135.098

Phase 4 Rip-up And Reroute

Phase 4.1 Global Iteration 0
 Number of Nodes with overlaps = 331
 Number of Nodes with overlaps = 16
 Number of Nodes with overlaps = 0
Phase 4.1 Global Iteration 0 | Checksum: 12fb5790a

Time (s): cpu = 00:00:39 ; elapsed = 00:00:35 . Memory (MB): peak = 1372.055 ; gain = 135.098
Phase 4 Rip-up And Reroute | Checksum: 12fb5790a

Time (s): cpu = 00:00:39 ; elapsed = 00:00:35 . Memory (MB): peak = 1372.055 ; gain = 135.098

Phase 5 Delay and Skew Optimization
Phase 5 Delay and Skew Optimization | Checksum: 12fb5790a

Time (s): cpu = 00:00:39 ; elapsed = 00:00:35 . Memory (MB): peak = 1372.055 ; gain = 135.098

Phase 6 Post Hold Fix

Phase 6.1 Hold Fix Iter
Phase 6.1 Hold Fix Iter | Checksum: 12fb5790a

Time (s): cpu = 00:00:39 ; elapsed = 00:00:35 . Memory (MB): peak = 1372.055 ; gain = 135.098
Phase 6 Post Hold Fix | Checksum: 12fb5790a

Time (s): cpu = 00:00:39 ; elapsed = 00:00:35 . Memory (MB): peak = 1372.055 ; gain = 135.098

Phase 7 Route finalize

Router Utilization Summary
  Global Vertical Routing Utilization    = 0.385713 %
  Global Horizontal Routing Utilization  = 0.502212 %
  Routable Net Status*
  *Does not include unroutable nets such as driverless and loadless.
  Run report_route_status for detailed report.
  Number of Failed Nets               = 0
  Number of Unrouted Nets             = 0
  Number of Partially Routed Nets     = 0
  Number of Node Overlaps             = 0

Congestion Report
North Dir 1x1 Area, Max Cong = 39.6396%, No Congested Regions.
South Dir 1x1 Area, Max Cong = 27.027%, No Congested Regions.
East Dir 1x1 Area, Max Cong = 38.2353%, No Congested Regions.
West Dir 1x1 Area, Max Cong = 32.3529%, No Congested Regions.

------------------------------
Reporting congestion hotspots
------------------------------
Direction: North
----------------
Congested clusters found at Level 0
Effective congestion level: 0 Aspect Ratio: 1 Sparse Ratio: 0
Direction: South
----------------
Congested clusters found at Level 0
Effective congestion level: 0 Aspect Ratio: 1 Sparse Ratio: 0
Direction: East
----------------
Congested clusters found at Level 0
Effective congestion level: 0 Aspect Ratio: 1 Sparse Ratio: 0
Direction: West
----------------
Congested clusters found at Level 0
Effective congestion level: 0 Aspect Ratio: 1 Sparse Ratio: 0

Phase 7 Route finalize | Checksum: 12fb5790a

Time (s): cpu = 00:00:39 ; elapsed = 00:00:35 . Memory (MB): peak = 1372.055 ; gain = 135.098

Phase 8 Verifying routed nets

 Verification completed successfully
Phase 8 Verifying routed nets | Checksum: 12fb5790a

Time (s): cpu = 00:00:39 ; elapsed = 00:00:35 . Memory (MB): peak = 1373.730 ; gain = 136.773

Phase 9 Depositing Routes
Phase 9 Depositing Routes | Checksum: 11c555224

Time (s): cpu = 00:00:40 ; elapsed = 00:00:36 . Memory (MB): peak = 1373.730 ; gain = 136.773
INFO: [Route 35-16] Router Completed Successfully

Time (s): cpu = 00:00:40 ; elapsed = 00:00:36 . Memory (MB): peak = 1373.730 ; gain = 136.773

Routing Is Done.
INFO: [Common 17-83] Releasing license: Implementation
54 Infos, 1 Warnings, 0 Critical Warnings and 0 Errors encountered.
route_design completed successfully
route_design: Time (s): cpu = 00:00:42 ; elapsed = 00:00:37 . Memory (MB): peak = 1373.730 ; gain = 136.773
Netlist sorting complete. Time (s): cpu = 00:00:00 ; elapsed = 00:00:00.001 . Memory (MB): peak = 1373.730 ; gain = 0.000
INFO: [Timing 38-480] Writing timing data to binary archive.
Writing placer database...
Netlist sorting complete. Time (s): cpu = 00:00:00 ; elapsed = 00:00:00.002 . Memory (MB): peak = 1373.730 ; gain = 0.000
Writing XDEF routing.
Writing XDEF routing logical nets.
Writing XDEF routing special nets.
Write XDEF Complete: Time (s): cpu = 00:00:01 ; elapsed = 00:00:00.467 . Memory (MB): peak = 1376.578 ; gain = 2.848
INFO: [Common 17-1381] The checkpoint 'D:/VUB/MA1/digital architecture/design_project/design_project.runs/impl_1/top_module_routed.dcp' has been generated.
INFO: [runtcl-4] Executing : report_drc -file top_module_drc_routed.rpt -pb top_module_drc_routed.pb -rpx top_module_drc_routed.rpx
Command: report_drc -file top_module_drc_routed.rpt -pb top_module_drc_routed.pb -rpx top_module_drc_routed.rpx
INFO: [IP_Flow 19-1839] IP Catalog is up to date.
INFO: [DRC 23-27] Running DRC with 2 threads
INFO: [Coretcl 2-168] The results of DRC are in file D:/VUB/MA1/digital architecture/design_project/design_project.runs/impl_1/top_module_drc_routed.rpt.
report_drc completed successfully
INFO: [runtcl-4] Executing : report_methodology -file top_module_methodology_drc_routed.rpt -pb top_module_methodology_drc_routed.pb -rpx top_module_methodology_drc_routed.rpx
Command: report_methodology -file top_module_methodology_drc_routed.rpt -pb top_module_methodology_drc_routed.pb -rpx top_module_methodology_drc_routed.rpx
INFO: [Timing 38-35] Done setting XDC timing constraints.
INFO: [DRC 23-133] Running Methodology with 2 threads
INFO: [Coretcl 2-1520] The results of Report Methodology are in file D:/VUB/MA1/digital architecture/design_project/design_project.runs/impl_1/top_module_methodology_drc_routed.rpt.
report_methodology completed successfully
INFO: [runtcl-4] Executing : report_power -file top_module_power_routed.rpt -pb top_module_power_summary_routed.pb -rpx top_module_power_routed.rpx
Command: report_power -file top_module_power_routed.rpt -pb top_module_power_summary_routed.pb -rpx top_module_power_routed.rpx
WARNING: [Power 33-232] No user defined clocks were found in the design!
Resolution: Please specify clocks using create_clock/create_generated_clock for sequential elements. For pure combinatorial circuits, please specify a virtual clock, otherwise the vectorless estimation might be inaccurate
INFO: [Timing 38-35] Done setting XDC timing constraints.
Running Vector-less Activity Propagation...

Finished Running Vector-less Activity Propagation
66 Infos, 2 Warnings, 0 Critical Warnings and 0 Errors encountered.
report_power completed successfully
INFO: [runtcl-4] Executing : report_route_status -file top_module_route_status.rpt -pb top_module_route_status.pb
INFO: [runtcl-4] Executing : report_timing_summary -max_paths 10 -file top_module_timing_summary_routed.rpt -pb top_module_timing_summary_routed.pb -rpx top_module_timing_summary_routed.rpx -warn_on_violation 
INFO: [Timing 38-91] UpdateTimingParams: Speed grade: -1, Delay Type: min_max.
INFO: [Timing 38-191] Multithreading enabled for timing update using a maximum of 2 CPUs
WARNING: [Timing 38-313] There are no user specified timing constraints. Timing constraints are needed for proper timing analysis.
INFO: [runtcl-4] Executing : report_incremental_reuse -file top_module_incremental_reuse_routed.rpt
INFO: [Vivado_Tcl 4-1062] Incremental flow is disabled. No incremental reuse Info to report.
INFO: [runtcl-4] Executing : report_clock_utilization -file top_module_clock_utilization_routed.rpt
INFO: [runtcl-4] Executing : report_bus_skew -warn_on_violation -file top_module_bus_skew_routed.rpt -pb top_module_bus_skew_routed.pb -rpx top_module_bus_skew_routed.rpx
INFO: [Timing 38-91] UpdateTimingParams: Speed grade: -1, Delay Type: min_max.
INFO: [Timing 38-191] Multithreading enabled for timing update using a maximum of 2 CPUs
INFO: [Common 17-206] Exiting Vivado at Tue Dec 13 16:05:37 2022...

*** Running vivado
    with args -log top_module.vdi -applog -m64 -product Vivado -messageDb vivado.pb -mode batch -source top_module.tcl -notrace


****** Vivado v2018.3 (64-bit)
  **** SW Build 2405991 on Thu Dec  6 23:38:27 MST 2018
  **** IP Build 2404404 on Fri Dec  7 01:43:56 MST 2018
    ** Copyright 1986-2018 Xilinx, Inc. All Rights Reserved.

source top_module.tcl -notrace
Command: open_checkpoint top_module_routed.dcp

Starting open_checkpoint Task

Time (s): cpu = 00:00:00 ; elapsed = 00:00:00.035 . Memory (MB): peak = 269.066 ; gain = 0.000
INFO: [Netlist 29-17] Analyzing 492 Unisim elements for replacement
INFO: [Netlist 29-28] Unisim Transformation completed in 0 CPU seconds
INFO: [Project 1-479] Netlist was created with Vivado 2018.3
INFO: [Device 21-403] Loading part xc7a35tcpg236-1
INFO: [Project 1-570] Preparing netlist for logic optimization
INFO: [Timing 38-478] Restoring timing data from binary archive.
INFO: [Timing 38-479] Binary timing data restore complete.
INFO: [Project 1-856] Restoring constraints from binary archive.
INFO: [Project 1-853] Binary constraint restore complete.
Reading XDEF placement.
Reading placer database...
Reading XDEF routing.
Read XDEF File: Time (s): cpu = 00:00:00 ; elapsed = 00:00:00.240 . Memory (MB): peak = 1133.984 ; gain = 0.000
Restored from archive | CPU: 0.000000 secs | Memory: 0.000000 MB |
Finished XDEF File Restore: Time (s): cpu = 00:00:00 ; elapsed = 00:00:00.240 . Memory (MB): peak = 1133.984 ; gain = 0.000
Netlist sorting complete. Time (s): cpu = 00:00:00 ; elapsed = 00:00:00.001 . Memory (MB): peak = 1133.984 ; gain = 0.000
INFO: [Project 1-111] Unisim Transformation Summary:
No Unisim elements were transformed.

INFO: [Project 1-604] Checkpoint was created with Vivado v2018.3 (64-bit) build 2405991
open_checkpoint: Time (s): cpu = 00:00:16 ; elapsed = 00:00:18 . Memory (MB): peak = 1133.984 ; gain = 864.918
Command: write_bitstream -force top_module.bit
Attempting to get a license for feature 'Implementation' and/or device 'xc7a35t'
INFO: [Common 17-349] Got license for feature 'Implementation' and/or device 'xc7a35t'
Running DRC as a precondition to command write_bitstream
INFO: [IP_Flow 19-234] Refreshing IP repositories
INFO: [IP_Flow 19-1704] No user IP repositories specified
INFO: [IP_Flow 19-2313] Loaded Vivado IP repository 'C:/Xilinx/Vivado/2018.3/data/ip'.
INFO: [DRC 23-27] Running DRC with 2 threads
INFO: [Vivado 12-3199] DRC finished with 0 Errors
INFO: [Vivado 12-3200] Please refer to the DRC report (report_drc) for more information.
INFO: [Designutils 20-2272] Running write_bitstream with 2 threads.
Loading data files...
Loading site data...
Loading route data...
Processing options...
Creating bitmap...
Creating bitstream...
Bitstream compression saved 13764224 bits.
Writing bitstream ./top_module.bit...
INFO: [Vivado 12-1842] Bitgen Completed Successfully.
INFO: [Project 1-120] WebTalk data collection is mandatory when using a WebPACK part without a full Vivado license. To see the specific WebTalk data collected for your design, open the usage_statistics_webtalk.html or usage_statistics_webtalk.xml file in the implementation directory.
INFO: [Common 17-83] Releasing license: Implementation
22 Infos, 0 Warnings, 0 Critical Warnings and 0 Errors encountered.
write_bitstream completed successfully
write_bitstream: Time (s): cpu = 00:00:20 ; elapsed = 00:00:25 . Memory (MB): peak = 1603.801 ; gain = 469.816
INFO: [Common 17-206] Exiting Vivado at Tue Dec 13 16:06:44 2022...
