Copyright 1986-2018 Xilinx, Inc. All Rights Reserved.
--------------------------------------------------------------------------------------------------------------------------------------------------------------------
| Tool Version : Vivado v.2018.3 (win64) Build 2405991 Thu Dec  6 23:38:27 MST 2018
| Date         : Sat Dec 10 19:34:57 2022
| Host         : Mr-YEET running 64-bit major release  (build 9200)
| Command      : report_methodology -file top_module_methodology_drc_routed.rpt -pb top_module_methodology_drc_routed.pb -rpx top_module_methodology_drc_routed.rpx
| Design       : top_module
| Device       : xc7a35tcpg236-1
| Speed File   : -1
| Design State : Fully Routed
--------------------------------------------------------------------------------------------------------------------------------------------------------------------

Report Methodology

Table of Contents
-----------------
1. REPORT SUMMARY
2. REPORT DETAILS

1. REPORT SUMMARY
-----------------
            Netlist: netlist
          Floorplan: design_1
      Design limits: <entire design considered>
             Max violations: <unlimited>
             Violations found: 439
+-----------+----------+-----------------------------+------------+
| Rule      | Severity | Description                 | Violations |
+-----------+----------+-----------------------------+------------+
| TIMING-17 | Warning  | Non-clocked sequential cell | 47         |
| TIMING-20 | Warning  | Non-clocked latch           | 392        |
+-----------+----------+-----------------------------+------------+

2. REPORT DETAILS
-----------------
TIMING-17#1 Warning
Non-clocked sequential cell  
The clock pin FSM_sequential_switch_reg[0]/C is not reached by a timing clock
Related violations: <none>

TIMING-17#2 Warning
Non-clocked sequential cell  
The clock pin FSM_sequential_switch_reg[1]/C is not reached by a timing clock
Related violations: <none>

TIMING-17#3 Warning
Non-clocked sequential cell  
The clock pin an_reg[0]/C is not reached by a timing clock
Related violations: <none>

TIMING-17#4 Warning
Non-clocked sequential cell  
The clock pin an_reg[1]/C is not reached by a timing clock
Related violations: <none>

TIMING-17#5 Warning
Non-clocked sequential cell  
The clock pin an_reg[2]/C is not reached by a timing clock
Related violations: <none>

TIMING-17#6 Warning
Non-clocked sequential cell  
The clock pin an_reg[3]/C is not reached by a timing clock
Related violations: <none>

TIMING-17#7 Warning
Non-clocked sequential cell  
The clock pin counter_reg[0]/C is not reached by a timing clock
Related violations: <none>

TIMING-17#8 Warning
Non-clocked sequential cell  
The clock pin counter_reg[10]/C is not reached by a timing clock
Related violations: <none>

TIMING-17#9 Warning
Non-clocked sequential cell  
The clock pin counter_reg[1]/C is not reached by a timing clock
Related violations: <none>

TIMING-17#10 Warning
Non-clocked sequential cell  
The clock pin counter_reg[2]/C is not reached by a timing clock
Related violations: <none>

TIMING-17#11 Warning
Non-clocked sequential cell  
The clock pin counter_reg[3]/C is not reached by a timing clock
Related violations: <none>

TIMING-17#12 Warning
Non-clocked sequential cell  
The clock pin counter_reg[4]/C is not reached by a timing clock
Related violations: <none>

TIMING-17#13 Warning
Non-clocked sequential cell  
The clock pin counter_reg[5]/C is not reached by a timing clock
Related violations: <none>

TIMING-17#14 Warning
Non-clocked sequential cell  
The clock pin counter_reg[6]/C is not reached by a timing clock
Related violations: <none>

TIMING-17#15 Warning
Non-clocked sequential cell  
The clock pin counter_reg[7]/C is not reached by a timing clock
Related violations: <none>

TIMING-17#16 Warning
Non-clocked sequential cell  
The clock pin counter_reg[8]/C is not reached by a timing clock
Related violations: <none>

TIMING-17#17 Warning
Non-clocked sequential cell  
The clock pin counter_reg[9]/C is not reached by a timing clock
Related violations: <none>

TIMING-17#18 Warning
Non-clocked sequential cell  
The clock pin encoding/FSM_sequential_currentState_reg[0]/C is not reached by a timing clock
Related violations: <none>

TIMING-17#19 Warning
Non-clocked sequential cell  
The clock pin encoding/FSM_sequential_currentState_reg[1]/C is not reached by a timing clock
Related violations: <none>

TIMING-17#20 Warning
Non-clocked sequential cell  
The clock pin encoding/FSM_sequential_currentState_reg[1]_rep/C is not reached by a timing clock
Related violations: <none>

TIMING-17#21 Warning
Non-clocked sequential cell  
The clock pin encoding/FSM_sequential_currentState_reg[1]_rep__0/C is not reached by a timing clock
Related violations: <none>

TIMING-17#22 Warning
Non-clocked sequential cell  
The clock pin encoding/FSM_sequential_currentState_reg[2]/C is not reached by a timing clock
Related violations: <none>

TIMING-17#23 Warning
Non-clocked sequential cell  
The clock pin inputs_reg[0]/C is not reached by a timing clock
Related violations: <none>

TIMING-17#24 Warning
Non-clocked sequential cell  
The clock pin inputs_reg[1]/C is not reached by a timing clock
Related violations: <none>

TIMING-17#25 Warning
Non-clocked sequential cell  
The clock pin inputs_reg[2]/C is not reached by a timing clock
Related violations: <none>

TIMING-17#26 Warning
Non-clocked sequential cell  
The clock pin inputs_reg[3]/C is not reached by a timing clock
Related violations: <none>

TIMING-17#27 Warning
Non-clocked sequential cell  
The clock pin output_counter_reg[0]/C is not reached by a timing clock
Related violations: <none>

TIMING-17#28 Warning
Non-clocked sequential cell  
The clock pin output_counter_reg[10]/C is not reached by a timing clock
Related violations: <none>

TIMING-17#29 Warning
Non-clocked sequential cell  
The clock pin output_counter_reg[11]/C is not reached by a timing clock
Related violations: <none>

TIMING-17#30 Warning
Non-clocked sequential cell  
The clock pin output_counter_reg[12]/C is not reached by a timing clock
Related violations: <none>

TIMING-17#31 Warning
Non-clocked sequential cell  
The clock pin output_counter_reg[13]/C is not reached by a timing clock
Related violations: <none>

TIMING-17#32 Warning
Non-clocked sequential cell  
The clock pin output_counter_reg[14]/C is not reached by a timing clock
Related violations: <none>

TIMING-17#33 Warning
Non-clocked sequential cell  
The clock pin output_counter_reg[15]/C is not reached by a timing clock
Related violations: <none>

TIMING-17#34 Warning
Non-clocked sequential cell  
The clock pin output_counter_reg[16]/C is not reached by a timing clock
Related violations: <none>

TIMING-17#35 Warning
Non-clocked sequential cell  
The clock pin output_counter_reg[1]/C is not reached by a timing clock
Related violations: <none>

TIMING-17#36 Warning
Non-clocked sequential cell  
The clock pin output_counter_reg[2]/C is not reached by a timing clock
Related violations: <none>

TIMING-17#37 Warning
Non-clocked sequential cell  
The clock pin output_counter_reg[3]/C is not reached by a timing clock
Related violations: <none>

TIMING-17#38 Warning
Non-clocked sequential cell  
The clock pin output_counter_reg[4]/C is not reached by a timing clock
Related violations: <none>

TIMING-17#39 Warning
Non-clocked sequential cell  
The clock pin output_counter_reg[5]/C is not reached by a timing clock
Related violations: <none>

TIMING-17#40 Warning
Non-clocked sequential cell  
The clock pin output_counter_reg[6]/C is not reached by a timing clock
Related violations: <none>

TIMING-17#41 Warning
Non-clocked sequential cell  
The clock pin output_counter_reg[7]/C is not reached by a timing clock
Related violations: <none>

TIMING-17#42 Warning
Non-clocked sequential cell  
The clock pin output_counter_reg[8]/C is not reached by a timing clock
Related violations: <none>

TIMING-17#43 Warning
Non-clocked sequential cell  
The clock pin output_counter_reg[9]/C is not reached by a timing clock
Related violations: <none>

TIMING-17#44 Warning
Non-clocked sequential cell  
The clock pin output_selector_reg[0]/C is not reached by a timing clock
Related violations: <none>

TIMING-17#45 Warning
Non-clocked sequential cell  
The clock pin output_selector_reg[1]/C is not reached by a timing clock
Related violations: <none>

TIMING-17#46 Warning
Non-clocked sequential cell  
The clock pin output_selector_reg[2]/C is not reached by a timing clock
Related violations: <none>

TIMING-17#47 Warning
Non-clocked sequential cell  
The clock pin output_selector_reg[3]/C is not reached by a timing clock
Related violations: <none>

TIMING-20#1 Warning
Non-clocked latch  
The latch encoding/FSM_sequential_nextState_reg[0] cannot be properly analyzed as its control pin encoding/FSM_sequential_nextState_reg[0]/G is not reached by a timing clock
Related violations: <none>

TIMING-20#2 Warning
Non-clocked latch  
The latch encoding/FSM_sequential_nextState_reg[1] cannot be properly analyzed as its control pin encoding/FSM_sequential_nextState_reg[1]/G is not reached by a timing clock
Related violations: <none>

TIMING-20#3 Warning
Non-clocked latch  
The latch encoding/FSM_sequential_nextState_reg[2] cannot be properly analyzed as its control pin encoding/FSM_sequential_nextState_reg[2]/G is not reached by a timing clock
Related violations: <none>

TIMING-20#4 Warning
Non-clocked latch  
The latch encoding/finished_reg cannot be properly analyzed as its control pin encoding/finished_reg/G is not reached by a timing clock
Related violations: <none>

TIMING-20#5 Warning
Non-clocked latch  
The latch encoding/input_all_reg[0] cannot be properly analyzed as its control pin encoding/input_all_reg[0]/G is not reached by a timing clock
Related violations: <none>

TIMING-20#6 Warning
Non-clocked latch  
The latch encoding/input_all_reg[100] cannot be properly analyzed as its control pin encoding/input_all_reg[100]/G is not reached by a timing clock
Related violations: <none>

TIMING-20#7 Warning
Non-clocked latch  
The latch encoding/input_all_reg[101] cannot be properly analyzed as its control pin encoding/input_all_reg[101]/G is not reached by a timing clock
Related violations: <none>

TIMING-20#8 Warning
Non-clocked latch  
The latch encoding/input_all_reg[102] cannot be properly analyzed as its control pin encoding/input_all_reg[102]/G is not reached by a timing clock
Related violations: <none>

TIMING-20#9 Warning
Non-clocked latch  
The latch encoding/input_all_reg[103] cannot be properly analyzed as its control pin encoding/input_all_reg[103]/G is not reached by a timing clock
Related violations: <none>

TIMING-20#10 Warning
Non-clocked latch  
The latch encoding/input_all_reg[104] cannot be properly analyzed as its control pin encoding/input_all_reg[104]/G is not reached by a timing clock
Related violations: <none>

TIMING-20#11 Warning
Non-clocked latch  
The latch encoding/input_all_reg[105] cannot be properly analyzed as its control pin encoding/input_all_reg[105]/G is not reached by a timing clock
Related violations: <none>

TIMING-20#12 Warning
Non-clocked latch  
The latch encoding/input_all_reg[106] cannot be properly analyzed as its control pin encoding/input_all_reg[106]/G is not reached by a timing clock
Related violations: <none>

TIMING-20#13 Warning
Non-clocked latch  
The latch encoding/input_all_reg[107] cannot be properly analyzed as its control pin encoding/input_all_reg[107]/G is not reached by a timing clock
Related violations: <none>

TIMING-20#14 Warning
Non-clocked latch  
The latch encoding/input_all_reg[108] cannot be properly analyzed as its control pin encoding/input_all_reg[108]/G is not reached by a timing clock
Related violations: <none>

TIMING-20#15 Warning
Non-clocked latch  
The latch encoding/input_all_reg[109] cannot be properly analyzed as its control pin encoding/input_all_reg[109]/G is not reached by a timing clock
Related violations: <none>

TIMING-20#16 Warning
Non-clocked latch  
The latch encoding/input_all_reg[10] cannot be properly analyzed as its control pin encoding/input_all_reg[10]/G is not reached by a timing clock
Related violations: <none>

TIMING-20#17 Warning
Non-clocked latch  
The latch encoding/input_all_reg[110] cannot be properly analyzed as its control pin encoding/input_all_reg[110]/G is not reached by a timing clock
Related violations: <none>

TIMING-20#18 Warning
Non-clocked latch  
The latch encoding/input_all_reg[111] cannot be properly analyzed as its control pin encoding/input_all_reg[111]/G is not reached by a timing clock
Related violations: <none>

TIMING-20#19 Warning
Non-clocked latch  
The latch encoding/input_all_reg[112] cannot be properly analyzed as its control pin encoding/input_all_reg[112]/G is not reached by a timing clock
Related violations: <none>

TIMING-20#20 Warning
Non-clocked latch  
The latch encoding/input_all_reg[113] cannot be properly analyzed as its control pin encoding/input_all_reg[113]/G is not reached by a timing clock
Related violations: <none>

TIMING-20#21 Warning
Non-clocked latch  
The latch encoding/input_all_reg[114] cannot be properly analyzed as its control pin encoding/input_all_reg[114]/G is not reached by a timing clock
Related violations: <none>

TIMING-20#22 Warning
Non-clocked latch  
The latch encoding/input_all_reg[115] cannot be properly analyzed as its control pin encoding/input_all_reg[115]/G is not reached by a timing clock
Related violations: <none>

TIMING-20#23 Warning
Non-clocked latch  
The latch encoding/input_all_reg[116] cannot be properly analyzed as its control pin encoding/input_all_reg[116]/G is not reached by a timing clock
Related violations: <none>

TIMING-20#24 Warning
Non-clocked latch  
The latch encoding/input_all_reg[117] cannot be properly analyzed as its control pin encoding/input_all_reg[117]/G is not reached by a timing clock
Related violations: <none>

TIMING-20#25 Warning
Non-clocked latch  
The latch encoding/input_all_reg[118] cannot be properly analyzed as its control pin encoding/input_all_reg[118]/G is not reached by a timing clock
Related violations: <none>

TIMING-20#26 Warning
Non-clocked latch  
The latch encoding/input_all_reg[119] cannot be properly analyzed as its control pin encoding/input_all_reg[119]/G is not reached by a timing clock
Related violations: <none>

TIMING-20#27 Warning
Non-clocked latch  
The latch encoding/input_all_reg[11] cannot be properly analyzed as its control pin encoding/input_all_reg[11]/G is not reached by a timing clock
Related violations: <none>

TIMING-20#28 Warning
Non-clocked latch  
The latch encoding/input_all_reg[120] cannot be properly analyzed as its control pin encoding/input_all_reg[120]/G is not reached by a timing clock
Related violations: <none>

TIMING-20#29 Warning
Non-clocked latch  
The latch encoding/input_all_reg[121] cannot be properly analyzed as its control pin encoding/input_all_reg[121]/G is not reached by a timing clock
Related violations: <none>

TIMING-20#30 Warning
Non-clocked latch  
The latch encoding/input_all_reg[122] cannot be properly analyzed as its control pin encoding/input_all_reg[122]/G is not reached by a timing clock
Related violations: <none>

TIMING-20#31 Warning
Non-clocked latch  
The latch encoding/input_all_reg[123] cannot be properly analyzed as its control pin encoding/input_all_reg[123]/G is not reached by a timing clock
Related violations: <none>

TIMING-20#32 Warning
Non-clocked latch  
The latch encoding/input_all_reg[124] cannot be properly analyzed as its control pin encoding/input_all_reg[124]/G is not reached by a timing clock
Related violations: <none>

TIMING-20#33 Warning
Non-clocked latch  
The latch encoding/input_all_reg[125] cannot be properly analyzed as its control pin encoding/input_all_reg[125]/G is not reached by a timing clock
Related violations: <none>

TIMING-20#34 Warning
Non-clocked latch  
The latch encoding/input_all_reg[126] cannot be properly analyzed as its control pin encoding/input_all_reg[126]/G is not reached by a timing clock
Related violations: <none>

TIMING-20#35 Warning
Non-clocked latch  
The latch encoding/input_all_reg[127] cannot be properly analyzed as its control pin encoding/input_all_reg[127]/G is not reached by a timing clock
Related violations: <none>

TIMING-20#36 Warning
Non-clocked latch  
The latch encoding/input_all_reg[12] cannot be properly analyzed as its control pin encoding/input_all_reg[12]/G is not reached by a timing clock
Related violations: <none>

TIMING-20#37 Warning
Non-clocked latch  
The latch encoding/input_all_reg[13] cannot be properly analyzed as its control pin encoding/input_all_reg[13]/G is not reached by a timing clock
Related violations: <none>

TIMING-20#38 Warning
Non-clocked latch  
The latch encoding/input_all_reg[14] cannot be properly analyzed as its control pin encoding/input_all_reg[14]/G is not reached by a timing clock
Related violations: <none>

TIMING-20#39 Warning
Non-clocked latch  
The latch encoding/input_all_reg[15] cannot be properly analyzed as its control pin encoding/input_all_reg[15]/G is not reached by a timing clock
Related violations: <none>

TIMING-20#40 Warning
Non-clocked latch  
The latch encoding/input_all_reg[16] cannot be properly analyzed as its control pin encoding/input_all_reg[16]/G is not reached by a timing clock
Related violations: <none>

TIMING-20#41 Warning
Non-clocked latch  
The latch encoding/input_all_reg[17] cannot be properly analyzed as its control pin encoding/input_all_reg[17]/G is not reached by a timing clock
Related violations: <none>

TIMING-20#42 Warning
Non-clocked latch  
The latch encoding/input_all_reg[18] cannot be properly analyzed as its control pin encoding/input_all_reg[18]/G is not reached by a timing clock
Related violations: <none>

TIMING-20#43 Warning
Non-clocked latch  
The latch encoding/input_all_reg[19] cannot be properly analyzed as its control pin encoding/input_all_reg[19]/G is not reached by a timing clock
Related violations: <none>

TIMING-20#44 Warning
Non-clocked latch  
The latch encoding/input_all_reg[1] cannot be properly analyzed as its control pin encoding/input_all_reg[1]/G is not reached by a timing clock
Related violations: <none>

TIMING-20#45 Warning
Non-clocked latch  
The latch encoding/input_all_reg[20] cannot be properly analyzed as its control pin encoding/input_all_reg[20]/G is not reached by a timing clock
Related violations: <none>

TIMING-20#46 Warning
Non-clocked latch  
The latch encoding/input_all_reg[21] cannot be properly analyzed as its control pin encoding/input_all_reg[21]/G is not reached by a timing clock
Related violations: <none>

TIMING-20#47 Warning
Non-clocked latch  
The latch encoding/input_all_reg[22] cannot be properly analyzed as its control pin encoding/input_all_reg[22]/G is not reached by a timing clock
Related violations: <none>

TIMING-20#48 Warning
Non-clocked latch  
The latch encoding/input_all_reg[23] cannot be properly analyzed as its control pin encoding/input_all_reg[23]/G is not reached by a timing clock
Related violations: <none>

TIMING-20#49 Warning
Non-clocked latch  
The latch encoding/input_all_reg[24] cannot be properly analyzed as its control pin encoding/input_all_reg[24]/G is not reached by a timing clock
Related violations: <none>

TIMING-20#50 Warning
Non-clocked latch  
The latch encoding/input_all_reg[25] cannot be properly analyzed as its control pin encoding/input_all_reg[25]/G is not reached by a timing clock
Related violations: <none>

TIMING-20#51 Warning
Non-clocked latch  
The latch encoding/input_all_reg[26] cannot be properly analyzed as its control pin encoding/input_all_reg[26]/G is not reached by a timing clock
Related violations: <none>

TIMING-20#52 Warning
Non-clocked latch  
The latch encoding/input_all_reg[27] cannot be properly analyzed as its control pin encoding/input_all_reg[27]/G is not reached by a timing clock
Related violations: <none>

TIMING-20#53 Warning
Non-clocked latch  
The latch encoding/input_all_reg[28] cannot be properly analyzed as its control pin encoding/input_all_reg[28]/G is not reached by a timing clock
Related violations: <none>

TIMING-20#54 Warning
Non-clocked latch  
The latch encoding/input_all_reg[29] cannot be properly analyzed as its control pin encoding/input_all_reg[29]/G is not reached by a timing clock
Related violations: <none>

TIMING-20#55 Warning
Non-clocked latch  
The latch encoding/input_all_reg[2] cannot be properly analyzed as its control pin encoding/input_all_reg[2]/G is not reached by a timing clock
Related violations: <none>

TIMING-20#56 Warning
Non-clocked latch  
The latch encoding/input_all_reg[30] cannot be properly analyzed as its control pin encoding/input_all_reg[30]/G is not reached by a timing clock
Related violations: <none>

TIMING-20#57 Warning
Non-clocked latch  
The latch encoding/input_all_reg[31] cannot be properly analyzed as its control pin encoding/input_all_reg[31]/G is not reached by a timing clock
Related violations: <none>

TIMING-20#58 Warning
Non-clocked latch  
The latch encoding/input_all_reg[32] cannot be properly analyzed as its control pin encoding/input_all_reg[32]/G is not reached by a timing clock
Related violations: <none>

TIMING-20#59 Warning
Non-clocked latch  
The latch encoding/input_all_reg[33] cannot be properly analyzed as its control pin encoding/input_all_reg[33]/G is not reached by a timing clock
Related violations: <none>

TIMING-20#60 Warning
Non-clocked latch  
The latch encoding/input_all_reg[34] cannot be properly analyzed as its control pin encoding/input_all_reg[34]/G is not reached by a timing clock
Related violations: <none>

TIMING-20#61 Warning
Non-clocked latch  
The latch encoding/input_all_reg[35] cannot be properly analyzed as its control pin encoding/input_all_reg[35]/G is not reached by a timing clock
Related violations: <none>

TIMING-20#62 Warning
Non-clocked latch  
The latch encoding/input_all_reg[36] cannot be properly analyzed as its control pin encoding/input_all_reg[36]/G is not reached by a timing clock
Related violations: <none>

TIMING-20#63 Warning
Non-clocked latch  
The latch encoding/input_all_reg[37] cannot be properly analyzed as its control pin encoding/input_all_reg[37]/G is not reached by a timing clock
Related violations: <none>

TIMING-20#64 Warning
Non-clocked latch  
The latch encoding/input_all_reg[38] cannot be properly analyzed as its control pin encoding/input_all_reg[38]/G is not reached by a timing clock
Related violations: <none>

TIMING-20#65 Warning
Non-clocked latch  
The latch encoding/input_all_reg[39] cannot be properly analyzed as its control pin encoding/input_all_reg[39]/G is not reached by a timing clock
Related violations: <none>

TIMING-20#66 Warning
Non-clocked latch  
The latch encoding/input_all_reg[3] cannot be properly analyzed as its control pin encoding/input_all_reg[3]/G is not reached by a timing clock
Related violations: <none>

TIMING-20#67 Warning
Non-clocked latch  
The latch encoding/input_all_reg[40] cannot be properly analyzed as its control pin encoding/input_all_reg[40]/G is not reached by a timing clock
Related violations: <none>

TIMING-20#68 Warning
Non-clocked latch  
The latch encoding/input_all_reg[41] cannot be properly analyzed as its control pin encoding/input_all_reg[41]/G is not reached by a timing clock
Related violations: <none>

TIMING-20#69 Warning
Non-clocked latch  
The latch encoding/input_all_reg[42] cannot be properly analyzed as its control pin encoding/input_all_reg[42]/G is not reached by a timing clock
Related violations: <none>

TIMING-20#70 Warning
Non-clocked latch  
The latch encoding/input_all_reg[43] cannot be properly analyzed as its control pin encoding/input_all_reg[43]/G is not reached by a timing clock
Related violations: <none>

TIMING-20#71 Warning
Non-clocked latch  
The latch encoding/input_all_reg[44] cannot be properly analyzed as its control pin encoding/input_all_reg[44]/G is not reached by a timing clock
Related violations: <none>

TIMING-20#72 Warning
Non-clocked latch  
The latch encoding/input_all_reg[45] cannot be properly analyzed as its control pin encoding/input_all_reg[45]/G is not reached by a timing clock
Related violations: <none>

TIMING-20#73 Warning
Non-clocked latch  
The latch encoding/input_all_reg[46] cannot be properly analyzed as its control pin encoding/input_all_reg[46]/G is not reached by a timing clock
Related violations: <none>

TIMING-20#74 Warning
Non-clocked latch  
The latch encoding/input_all_reg[47] cannot be properly analyzed as its control pin encoding/input_all_reg[47]/G is not reached by a timing clock
Related violations: <none>

TIMING-20#75 Warning
Non-clocked latch  
The latch encoding/input_all_reg[48] cannot be properly analyzed as its control pin encoding/input_all_reg[48]/G is not reached by a timing clock
Related violations: <none>

TIMING-20#76 Warning
Non-clocked latch  
The latch encoding/input_all_reg[49] cannot be properly analyzed as its control pin encoding/input_all_reg[49]/G is not reached by a timing clock
Related violations: <none>

TIMING-20#77 Warning
Non-clocked latch  
The latch encoding/input_all_reg[4] cannot be properly analyzed as its control pin encoding/input_all_reg[4]/G is not reached by a timing clock
Related violations: <none>

TIMING-20#78 Warning
Non-clocked latch  
The latch encoding/input_all_reg[50] cannot be properly analyzed as its control pin encoding/input_all_reg[50]/G is not reached by a timing clock
Related violations: <none>

TIMING-20#79 Warning
Non-clocked latch  
The latch encoding/input_all_reg[51] cannot be properly analyzed as its control pin encoding/input_all_reg[51]/G is not reached by a timing clock
Related violations: <none>

TIMING-20#80 Warning
Non-clocked latch  
The latch encoding/input_all_reg[52] cannot be properly analyzed as its control pin encoding/input_all_reg[52]/G is not reached by a timing clock
Related violations: <none>

TIMING-20#81 Warning
Non-clocked latch  
The latch encoding/input_all_reg[53] cannot be properly analyzed as its control pin encoding/input_all_reg[53]/G is not reached by a timing clock
Related violations: <none>

TIMING-20#82 Warning
Non-clocked latch  
The latch encoding/input_all_reg[54] cannot be properly analyzed as its control pin encoding/input_all_reg[54]/G is not reached by a timing clock
Related violations: <none>

TIMING-20#83 Warning
Non-clocked latch  
The latch encoding/input_all_reg[55] cannot be properly analyzed as its control pin encoding/input_all_reg[55]/G is not reached by a timing clock
Related violations: <none>

TIMING-20#84 Warning
Non-clocked latch  
The latch encoding/input_all_reg[56] cannot be properly analyzed as its control pin encoding/input_all_reg[56]/G is not reached by a timing clock
Related violations: <none>

TIMING-20#85 Warning
Non-clocked latch  
The latch encoding/input_all_reg[57] cannot be properly analyzed as its control pin encoding/input_all_reg[57]/G is not reached by a timing clock
Related violations: <none>

TIMING-20#86 Warning
Non-clocked latch  
The latch encoding/input_all_reg[58] cannot be properly analyzed as its control pin encoding/input_all_reg[58]/G is not reached by a timing clock
Related violations: <none>

TIMING-20#87 Warning
Non-clocked latch  
The latch encoding/input_all_reg[59] cannot be properly analyzed as its control pin encoding/input_all_reg[59]/G is not reached by a timing clock
Related violations: <none>

TIMING-20#88 Warning
Non-clocked latch  
The latch encoding/input_all_reg[5] cannot be properly analyzed as its control pin encoding/input_all_reg[5]/G is not reached by a timing clock
Related violations: <none>

TIMING-20#89 Warning
Non-clocked latch  
The latch encoding/input_all_reg[60] cannot be properly analyzed as its control pin encoding/input_all_reg[60]/G is not reached by a timing clock
Related violations: <none>

TIMING-20#90 Warning
Non-clocked latch  
The latch encoding/input_all_reg[61] cannot be properly analyzed as its control pin encoding/input_all_reg[61]/G is not reached by a timing clock
Related violations: <none>

TIMING-20#91 Warning
Non-clocked latch  
The latch encoding/input_all_reg[62] cannot be properly analyzed as its control pin encoding/input_all_reg[62]/G is not reached by a timing clock
Related violations: <none>

TIMING-20#92 Warning
Non-clocked latch  
The latch encoding/input_all_reg[63] cannot be properly analyzed as its control pin encoding/input_all_reg[63]/G is not reached by a timing clock
Related violations: <none>

TIMING-20#93 Warning
Non-clocked latch  
The latch encoding/input_all_reg[64] cannot be properly analyzed as its control pin encoding/input_all_reg[64]/G is not reached by a timing clock
Related violations: <none>

TIMING-20#94 Warning
Non-clocked latch  
The latch encoding/input_all_reg[65] cannot be properly analyzed as its control pin encoding/input_all_reg[65]/G is not reached by a timing clock
Related violations: <none>

TIMING-20#95 Warning
Non-clocked latch  
The latch encoding/input_all_reg[66] cannot be properly analyzed as its control pin encoding/input_all_reg[66]/G is not reached by a timing clock
Related violations: <none>

TIMING-20#96 Warning
Non-clocked latch  
The latch encoding/input_all_reg[67] cannot be properly analyzed as its control pin encoding/input_all_reg[67]/G is not reached by a timing clock
Related violations: <none>

TIMING-20#97 Warning
Non-clocked latch  
The latch encoding/input_all_reg[68] cannot be properly analyzed as its control pin encoding/input_all_reg[68]/G is not reached by a timing clock
Related violations: <none>

TIMING-20#98 Warning
Non-clocked latch  
The latch encoding/input_all_reg[69] cannot be properly analyzed as its control pin encoding/input_all_reg[69]/G is not reached by a timing clock
Related violations: <none>

TIMING-20#99 Warning
Non-clocked latch  
The latch encoding/input_all_reg[6] cannot be properly analyzed as its control pin encoding/input_all_reg[6]/G is not reached by a timing clock
Related violations: <none>

TIMING-20#100 Warning
Non-clocked latch  
The latch encoding/input_all_reg[70] cannot be properly analyzed as its control pin encoding/input_all_reg[70]/G is not reached by a timing clock
Related violations: <none>

TIMING-20#101 Warning
Non-clocked latch  
The latch encoding/input_all_reg[71] cannot be properly analyzed as its control pin encoding/input_all_reg[71]/G is not reached by a timing clock
Related violations: <none>

TIMING-20#102 Warning
Non-clocked latch  
The latch encoding/input_all_reg[72] cannot be properly analyzed as its control pin encoding/input_all_reg[72]/G is not reached by a timing clock
Related violations: <none>

TIMING-20#103 Warning
Non-clocked latch  
The latch encoding/input_all_reg[73] cannot be properly analyzed as its control pin encoding/input_all_reg[73]/G is not reached by a timing clock
Related violations: <none>

TIMING-20#104 Warning
Non-clocked latch  
The latch encoding/input_all_reg[74] cannot be properly analyzed as its control pin encoding/input_all_reg[74]/G is not reached by a timing clock
Related violations: <none>

TIMING-20#105 Warning
Non-clocked latch  
The latch encoding/input_all_reg[75] cannot be properly analyzed as its control pin encoding/input_all_reg[75]/G is not reached by a timing clock
Related violations: <none>

TIMING-20#106 Warning
Non-clocked latch  
The latch encoding/input_all_reg[76] cannot be properly analyzed as its control pin encoding/input_all_reg[76]/G is not reached by a timing clock
Related violations: <none>

TIMING-20#107 Warning
Non-clocked latch  
The latch encoding/input_all_reg[77] cannot be properly analyzed as its control pin encoding/input_all_reg[77]/G is not reached by a timing clock
Related violations: <none>

TIMING-20#108 Warning
Non-clocked latch  
The latch encoding/input_all_reg[78] cannot be properly analyzed as its control pin encoding/input_all_reg[78]/G is not reached by a timing clock
Related violations: <none>

TIMING-20#109 Warning
Non-clocked latch  
The latch encoding/input_all_reg[79] cannot be properly analyzed as its control pin encoding/input_all_reg[79]/G is not reached by a timing clock
Related violations: <none>

TIMING-20#110 Warning
Non-clocked latch  
The latch encoding/input_all_reg[7] cannot be properly analyzed as its control pin encoding/input_all_reg[7]/G is not reached by a timing clock
Related violations: <none>

TIMING-20#111 Warning
Non-clocked latch  
The latch encoding/input_all_reg[80] cannot be properly analyzed as its control pin encoding/input_all_reg[80]/G is not reached by a timing clock
Related violations: <none>

TIMING-20#112 Warning
Non-clocked latch  
The latch encoding/input_all_reg[81] cannot be properly analyzed as its control pin encoding/input_all_reg[81]/G is not reached by a timing clock
Related violations: <none>

TIMING-20#113 Warning
Non-clocked latch  
The latch encoding/input_all_reg[82] cannot be properly analyzed as its control pin encoding/input_all_reg[82]/G is not reached by a timing clock
Related violations: <none>

TIMING-20#114 Warning
Non-clocked latch  
The latch encoding/input_all_reg[83] cannot be properly analyzed as its control pin encoding/input_all_reg[83]/G is not reached by a timing clock
Related violations: <none>

TIMING-20#115 Warning
Non-clocked latch  
The latch encoding/input_all_reg[84] cannot be properly analyzed as its control pin encoding/input_all_reg[84]/G is not reached by a timing clock
Related violations: <none>

TIMING-20#116 Warning
Non-clocked latch  
The latch encoding/input_all_reg[85] cannot be properly analyzed as its control pin encoding/input_all_reg[85]/G is not reached by a timing clock
Related violations: <none>

TIMING-20#117 Warning
Non-clocked latch  
The latch encoding/input_all_reg[86] cannot be properly analyzed as its control pin encoding/input_all_reg[86]/G is not reached by a timing clock
Related violations: <none>

TIMING-20#118 Warning
Non-clocked latch  
The latch encoding/input_all_reg[87] cannot be properly analyzed as its control pin encoding/input_all_reg[87]/G is not reached by a timing clock
Related violations: <none>

TIMING-20#119 Warning
Non-clocked latch  
The latch encoding/input_all_reg[88] cannot be properly analyzed as its control pin encoding/input_all_reg[88]/G is not reached by a timing clock
Related violations: <none>

TIMING-20#120 Warning
Non-clocked latch  
The latch encoding/input_all_reg[89] cannot be properly analyzed as its control pin encoding/input_all_reg[89]/G is not reached by a timing clock
Related violations: <none>

TIMING-20#121 Warning
Non-clocked latch  
The latch encoding/input_all_reg[8] cannot be properly analyzed as its control pin encoding/input_all_reg[8]/G is not reached by a timing clock
Related violations: <none>

TIMING-20#122 Warning
Non-clocked latch  
The latch encoding/input_all_reg[90] cannot be properly analyzed as its control pin encoding/input_all_reg[90]/G is not reached by a timing clock
Related violations: <none>

TIMING-20#123 Warning
Non-clocked latch  
The latch encoding/input_all_reg[91] cannot be properly analyzed as its control pin encoding/input_all_reg[91]/G is not reached by a timing clock
Related violations: <none>

TIMING-20#124 Warning
Non-clocked latch  
The latch encoding/input_all_reg[92] cannot be properly analyzed as its control pin encoding/input_all_reg[92]/G is not reached by a timing clock
Related violations: <none>

TIMING-20#125 Warning
Non-clocked latch  
The latch encoding/input_all_reg[93] cannot be properly analyzed as its control pin encoding/input_all_reg[93]/G is not reached by a timing clock
Related violations: <none>

TIMING-20#126 Warning
Non-clocked latch  
The latch encoding/input_all_reg[94] cannot be properly analyzed as its control pin encoding/input_all_reg[94]/G is not reached by a timing clock
Related violations: <none>

TIMING-20#127 Warning
Non-clocked latch  
The latch encoding/input_all_reg[95] cannot be properly analyzed as its control pin encoding/input_all_reg[95]/G is not reached by a timing clock
Related violations: <none>

TIMING-20#128 Warning
Non-clocked latch  
The latch encoding/input_all_reg[96] cannot be properly analyzed as its control pin encoding/input_all_reg[96]/G is not reached by a timing clock
Related violations: <none>

TIMING-20#129 Warning
Non-clocked latch  
The latch encoding/input_all_reg[97] cannot be properly analyzed as its control pin encoding/input_all_reg[97]/G is not reached by a timing clock
Related violations: <none>

TIMING-20#130 Warning
Non-clocked latch  
The latch encoding/input_all_reg[98] cannot be properly analyzed as its control pin encoding/input_all_reg[98]/G is not reached by a timing clock
Related violations: <none>

TIMING-20#131 Warning
Non-clocked latch  
The latch encoding/input_all_reg[99] cannot be properly analyzed as its control pin encoding/input_all_reg[99]/G is not reached by a timing clock
Related violations: <none>

TIMING-20#132 Warning
Non-clocked latch  
The latch encoding/input_all_reg[9] cannot be properly analyzed as its control pin encoding/input_all_reg[9]/G is not reached by a timing clock
Related violations: <none>

TIMING-20#133 Warning
Non-clocked latch  
The latch encoding/input_key_reg[0] cannot be properly analyzed as its control pin encoding/input_key_reg[0]/G is not reached by a timing clock
Related violations: <none>

TIMING-20#134 Warning
Non-clocked latch  
The latch encoding/input_key_reg[100] cannot be properly analyzed as its control pin encoding/input_key_reg[100]/G is not reached by a timing clock
Related violations: <none>

TIMING-20#135 Warning
Non-clocked latch  
The latch encoding/input_key_reg[101] cannot be properly analyzed as its control pin encoding/input_key_reg[101]/G is not reached by a timing clock
Related violations: <none>

TIMING-20#136 Warning
Non-clocked latch  
The latch encoding/input_key_reg[102] cannot be properly analyzed as its control pin encoding/input_key_reg[102]/G is not reached by a timing clock
Related violations: <none>

TIMING-20#137 Warning
Non-clocked latch  
The latch encoding/input_key_reg[103] cannot be properly analyzed as its control pin encoding/input_key_reg[103]/G is not reached by a timing clock
Related violations: <none>

TIMING-20#138 Warning
Non-clocked latch  
The latch encoding/input_key_reg[104] cannot be properly analyzed as its control pin encoding/input_key_reg[104]/G is not reached by a timing clock
Related violations: <none>

TIMING-20#139 Warning
Non-clocked latch  
The latch encoding/input_key_reg[105] cannot be properly analyzed as its control pin encoding/input_key_reg[105]/G is not reached by a timing clock
Related violations: <none>

TIMING-20#140 Warning
Non-clocked latch  
The latch encoding/input_key_reg[106] cannot be properly analyzed as its control pin encoding/input_key_reg[106]/G is not reached by a timing clock
Related violations: <none>

TIMING-20#141 Warning
Non-clocked latch  
The latch encoding/input_key_reg[107] cannot be properly analyzed as its control pin encoding/input_key_reg[107]/G is not reached by a timing clock
Related violations: <none>

TIMING-20#142 Warning
Non-clocked latch  
The latch encoding/input_key_reg[108] cannot be properly analyzed as its control pin encoding/input_key_reg[108]/G is not reached by a timing clock
Related violations: <none>

TIMING-20#143 Warning
Non-clocked latch  
The latch encoding/input_key_reg[109] cannot be properly analyzed as its control pin encoding/input_key_reg[109]/G is not reached by a timing clock
Related violations: <none>

TIMING-20#144 Warning
Non-clocked latch  
The latch encoding/input_key_reg[10] cannot be properly analyzed as its control pin encoding/input_key_reg[10]/G is not reached by a timing clock
Related violations: <none>

TIMING-20#145 Warning
Non-clocked latch  
The latch encoding/input_key_reg[110] cannot be properly analyzed as its control pin encoding/input_key_reg[110]/G is not reached by a timing clock
Related violations: <none>

TIMING-20#146 Warning
Non-clocked latch  
The latch encoding/input_key_reg[111] cannot be properly analyzed as its control pin encoding/input_key_reg[111]/G is not reached by a timing clock
Related violations: <none>

TIMING-20#147 Warning
Non-clocked latch  
The latch encoding/input_key_reg[112] cannot be properly analyzed as its control pin encoding/input_key_reg[112]/G is not reached by a timing clock
Related violations: <none>

TIMING-20#148 Warning
Non-clocked latch  
The latch encoding/input_key_reg[113] cannot be properly analyzed as its control pin encoding/input_key_reg[113]/G is not reached by a timing clock
Related violations: <none>

TIMING-20#149 Warning
Non-clocked latch  
The latch encoding/input_key_reg[114] cannot be properly analyzed as its control pin encoding/input_key_reg[114]/G is not reached by a timing clock
Related violations: <none>

TIMING-20#150 Warning
Non-clocked latch  
The latch encoding/input_key_reg[115] cannot be properly analyzed as its control pin encoding/input_key_reg[115]/G is not reached by a timing clock
Related violations: <none>

TIMING-20#151 Warning
Non-clocked latch  
The latch encoding/input_key_reg[116] cannot be properly analyzed as its control pin encoding/input_key_reg[116]/G is not reached by a timing clock
Related violations: <none>

TIMING-20#152 Warning
Non-clocked latch  
The latch encoding/input_key_reg[117] cannot be properly analyzed as its control pin encoding/input_key_reg[117]/G is not reached by a timing clock
Related violations: <none>

TIMING-20#153 Warning
Non-clocked latch  
The latch encoding/input_key_reg[118] cannot be properly analyzed as its control pin encoding/input_key_reg[118]/G is not reached by a timing clock
Related violations: <none>

TIMING-20#154 Warning
Non-clocked latch  
The latch encoding/input_key_reg[119] cannot be properly analyzed as its control pin encoding/input_key_reg[119]/G is not reached by a timing clock
Related violations: <none>

TIMING-20#155 Warning
Non-clocked latch  
The latch encoding/input_key_reg[11] cannot be properly analyzed as its control pin encoding/input_key_reg[11]/G is not reached by a timing clock
Related violations: <none>

TIMING-20#156 Warning
Non-clocked latch  
The latch encoding/input_key_reg[120] cannot be properly analyzed as its control pin encoding/input_key_reg[120]/G is not reached by a timing clock
Related violations: <none>

TIMING-20#157 Warning
Non-clocked latch  
The latch encoding/input_key_reg[121] cannot be properly analyzed as its control pin encoding/input_key_reg[121]/G is not reached by a timing clock
Related violations: <none>

TIMING-20#158 Warning
Non-clocked latch  
The latch encoding/input_key_reg[122] cannot be properly analyzed as its control pin encoding/input_key_reg[122]/G is not reached by a timing clock
Related violations: <none>

TIMING-20#159 Warning
Non-clocked latch  
The latch encoding/input_key_reg[123] cannot be properly analyzed as its control pin encoding/input_key_reg[123]/G is not reached by a timing clock
Related violations: <none>

TIMING-20#160 Warning
Non-clocked latch  
The latch encoding/input_key_reg[124] cannot be properly analyzed as its control pin encoding/input_key_reg[124]/G is not reached by a timing clock
Related violations: <none>

TIMING-20#161 Warning
Non-clocked latch  
The latch encoding/input_key_reg[125] cannot be properly analyzed as its control pin encoding/input_key_reg[125]/G is not reached by a timing clock
Related violations: <none>

TIMING-20#162 Warning
Non-clocked latch  
The latch encoding/input_key_reg[126] cannot be properly analyzed as its control pin encoding/input_key_reg[126]/G is not reached by a timing clock
Related violations: <none>

TIMING-20#163 Warning
Non-clocked latch  
The latch encoding/input_key_reg[127] cannot be properly analyzed as its control pin encoding/input_key_reg[127]/G is not reached by a timing clock
Related violations: <none>

TIMING-20#164 Warning
Non-clocked latch  
The latch encoding/input_key_reg[12] cannot be properly analyzed as its control pin encoding/input_key_reg[12]/G is not reached by a timing clock
Related violations: <none>

TIMING-20#165 Warning
Non-clocked latch  
The latch encoding/input_key_reg[13] cannot be properly analyzed as its control pin encoding/input_key_reg[13]/G is not reached by a timing clock
Related violations: <none>

TIMING-20#166 Warning
Non-clocked latch  
The latch encoding/input_key_reg[14] cannot be properly analyzed as its control pin encoding/input_key_reg[14]/G is not reached by a timing clock
Related violations: <none>

TIMING-20#167 Warning
Non-clocked latch  
The latch encoding/input_key_reg[15] cannot be properly analyzed as its control pin encoding/input_key_reg[15]/G is not reached by a timing clock
Related violations: <none>

TIMING-20#168 Warning
Non-clocked latch  
The latch encoding/input_key_reg[16] cannot be properly analyzed as its control pin encoding/input_key_reg[16]/G is not reached by a timing clock
Related violations: <none>

TIMING-20#169 Warning
Non-clocked latch  
The latch encoding/input_key_reg[17] cannot be properly analyzed as its control pin encoding/input_key_reg[17]/G is not reached by a timing clock
Related violations: <none>

TIMING-20#170 Warning
Non-clocked latch  
The latch encoding/input_key_reg[18] cannot be properly analyzed as its control pin encoding/input_key_reg[18]/G is not reached by a timing clock
Related violations: <none>

TIMING-20#171 Warning
Non-clocked latch  
The latch encoding/input_key_reg[19] cannot be properly analyzed as its control pin encoding/input_key_reg[19]/G is not reached by a timing clock
Related violations: <none>

TIMING-20#172 Warning
Non-clocked latch  
The latch encoding/input_key_reg[1] cannot be properly analyzed as its control pin encoding/input_key_reg[1]/G is not reached by a timing clock
Related violations: <none>

TIMING-20#173 Warning
Non-clocked latch  
The latch encoding/input_key_reg[20] cannot be properly analyzed as its control pin encoding/input_key_reg[20]/G is not reached by a timing clock
Related violations: <none>

TIMING-20#174 Warning
Non-clocked latch  
The latch encoding/input_key_reg[21] cannot be properly analyzed as its control pin encoding/input_key_reg[21]/G is not reached by a timing clock
Related violations: <none>

TIMING-20#175 Warning
Non-clocked latch  
The latch encoding/input_key_reg[22] cannot be properly analyzed as its control pin encoding/input_key_reg[22]/G is not reached by a timing clock
Related violations: <none>

TIMING-20#176 Warning
Non-clocked latch  
The latch encoding/input_key_reg[23] cannot be properly analyzed as its control pin encoding/input_key_reg[23]/G is not reached by a timing clock
Related violations: <none>

TIMING-20#177 Warning
Non-clocked latch  
The latch encoding/input_key_reg[24] cannot be properly analyzed as its control pin encoding/input_key_reg[24]/G is not reached by a timing clock
Related violations: <none>

TIMING-20#178 Warning
Non-clocked latch  
The latch encoding/input_key_reg[25] cannot be properly analyzed as its control pin encoding/input_key_reg[25]/G is not reached by a timing clock
Related violations: <none>

TIMING-20#179 Warning
Non-clocked latch  
The latch encoding/input_key_reg[26] cannot be properly analyzed as its control pin encoding/input_key_reg[26]/G is not reached by a timing clock
Related violations: <none>

TIMING-20#180 Warning
Non-clocked latch  
The latch encoding/input_key_reg[27] cannot be properly analyzed as its control pin encoding/input_key_reg[27]/G is not reached by a timing clock
Related violations: <none>

TIMING-20#181 Warning
Non-clocked latch  
The latch encoding/input_key_reg[28] cannot be properly analyzed as its control pin encoding/input_key_reg[28]/G is not reached by a timing clock
Related violations: <none>

TIMING-20#182 Warning
Non-clocked latch  
The latch encoding/input_key_reg[29] cannot be properly analyzed as its control pin encoding/input_key_reg[29]/G is not reached by a timing clock
Related violations: <none>

TIMING-20#183 Warning
Non-clocked latch  
The latch encoding/input_key_reg[2] cannot be properly analyzed as its control pin encoding/input_key_reg[2]/G is not reached by a timing clock
Related violations: <none>

TIMING-20#184 Warning
Non-clocked latch  
The latch encoding/input_key_reg[30] cannot be properly analyzed as its control pin encoding/input_key_reg[30]/G is not reached by a timing clock
Related violations: <none>

TIMING-20#185 Warning
Non-clocked latch  
The latch encoding/input_key_reg[31] cannot be properly analyzed as its control pin encoding/input_key_reg[31]/G is not reached by a timing clock
Related violations: <none>

TIMING-20#186 Warning
Non-clocked latch  
The latch encoding/input_key_reg[32] cannot be properly analyzed as its control pin encoding/input_key_reg[32]/G is not reached by a timing clock
Related violations: <none>

TIMING-20#187 Warning
Non-clocked latch  
The latch encoding/input_key_reg[33] cannot be properly analyzed as its control pin encoding/input_key_reg[33]/G is not reached by a timing clock
Related violations: <none>

TIMING-20#188 Warning
Non-clocked latch  
The latch encoding/input_key_reg[34] cannot be properly analyzed as its control pin encoding/input_key_reg[34]/G is not reached by a timing clock
Related violations: <none>

TIMING-20#189 Warning
Non-clocked latch  
The latch encoding/input_key_reg[35] cannot be properly analyzed as its control pin encoding/input_key_reg[35]/G is not reached by a timing clock
Related violations: <none>

TIMING-20#190 Warning
Non-clocked latch  
The latch encoding/input_key_reg[36] cannot be properly analyzed as its control pin encoding/input_key_reg[36]/G is not reached by a timing clock
Related violations: <none>

TIMING-20#191 Warning
Non-clocked latch  
The latch encoding/input_key_reg[37] cannot be properly analyzed as its control pin encoding/input_key_reg[37]/G is not reached by a timing clock
Related violations: <none>

TIMING-20#192 Warning
Non-clocked latch  
The latch encoding/input_key_reg[38] cannot be properly analyzed as its control pin encoding/input_key_reg[38]/G is not reached by a timing clock
Related violations: <none>

TIMING-20#193 Warning
Non-clocked latch  
The latch encoding/input_key_reg[39] cannot be properly analyzed as its control pin encoding/input_key_reg[39]/G is not reached by a timing clock
Related violations: <none>

TIMING-20#194 Warning
Non-clocked latch  
The latch encoding/input_key_reg[3] cannot be properly analyzed as its control pin encoding/input_key_reg[3]/G is not reached by a timing clock
Related violations: <none>

TIMING-20#195 Warning
Non-clocked latch  
The latch encoding/input_key_reg[40] cannot be properly analyzed as its control pin encoding/input_key_reg[40]/G is not reached by a timing clock
Related violations: <none>

TIMING-20#196 Warning
Non-clocked latch  
The latch encoding/input_key_reg[41] cannot be properly analyzed as its control pin encoding/input_key_reg[41]/G is not reached by a timing clock
Related violations: <none>

TIMING-20#197 Warning
Non-clocked latch  
The latch encoding/input_key_reg[42] cannot be properly analyzed as its control pin encoding/input_key_reg[42]/G is not reached by a timing clock
Related violations: <none>

TIMING-20#198 Warning
Non-clocked latch  
The latch encoding/input_key_reg[43] cannot be properly analyzed as its control pin encoding/input_key_reg[43]/G is not reached by a timing clock
Related violations: <none>

TIMING-20#199 Warning
Non-clocked latch  
The latch encoding/input_key_reg[44] cannot be properly analyzed as its control pin encoding/input_key_reg[44]/G is not reached by a timing clock
Related violations: <none>

TIMING-20#200 Warning
Non-clocked latch  
The latch encoding/input_key_reg[45] cannot be properly analyzed as its control pin encoding/input_key_reg[45]/G is not reached by a timing clock
Related violations: <none>

TIMING-20#201 Warning
Non-clocked latch  
The latch encoding/input_key_reg[46] cannot be properly analyzed as its control pin encoding/input_key_reg[46]/G is not reached by a timing clock
Related violations: <none>

TIMING-20#202 Warning
Non-clocked latch  
The latch encoding/input_key_reg[47] cannot be properly analyzed as its control pin encoding/input_key_reg[47]/G is not reached by a timing clock
Related violations: <none>

TIMING-20#203 Warning
Non-clocked latch  
The latch encoding/input_key_reg[48] cannot be properly analyzed as its control pin encoding/input_key_reg[48]/G is not reached by a timing clock
Related violations: <none>

TIMING-20#204 Warning
Non-clocked latch  
The latch encoding/input_key_reg[49] cannot be properly analyzed as its control pin encoding/input_key_reg[49]/G is not reached by a timing clock
Related violations: <none>

TIMING-20#205 Warning
Non-clocked latch  
The latch encoding/input_key_reg[4] cannot be properly analyzed as its control pin encoding/input_key_reg[4]/G is not reached by a timing clock
Related violations: <none>

TIMING-20#206 Warning
Non-clocked latch  
The latch encoding/input_key_reg[50] cannot be properly analyzed as its control pin encoding/input_key_reg[50]/G is not reached by a timing clock
Related violations: <none>

TIMING-20#207 Warning
Non-clocked latch  
The latch encoding/input_key_reg[51] cannot be properly analyzed as its control pin encoding/input_key_reg[51]/G is not reached by a timing clock
Related violations: <none>

TIMING-20#208 Warning
Non-clocked latch  
The latch encoding/input_key_reg[52] cannot be properly analyzed as its control pin encoding/input_key_reg[52]/G is not reached by a timing clock
Related violations: <none>

TIMING-20#209 Warning
Non-clocked latch  
The latch encoding/input_key_reg[53] cannot be properly analyzed as its control pin encoding/input_key_reg[53]/G is not reached by a timing clock
Related violations: <none>

TIMING-20#210 Warning
Non-clocked latch  
The latch encoding/input_key_reg[54] cannot be properly analyzed as its control pin encoding/input_key_reg[54]/G is not reached by a timing clock
Related violations: <none>

TIMING-20#211 Warning
Non-clocked latch  
The latch encoding/input_key_reg[55] cannot be properly analyzed as its control pin encoding/input_key_reg[55]/G is not reached by a timing clock
Related violations: <none>

TIMING-20#212 Warning
Non-clocked latch  
The latch encoding/input_key_reg[56] cannot be properly analyzed as its control pin encoding/input_key_reg[56]/G is not reached by a timing clock
Related violations: <none>

TIMING-20#213 Warning
Non-clocked latch  
The latch encoding/input_key_reg[57] cannot be properly analyzed as its control pin encoding/input_key_reg[57]/G is not reached by a timing clock
Related violations: <none>

TIMING-20#214 Warning
Non-clocked latch  
The latch encoding/input_key_reg[58] cannot be properly analyzed as its control pin encoding/input_key_reg[58]/G is not reached by a timing clock
Related violations: <none>

TIMING-20#215 Warning
Non-clocked latch  
The latch encoding/input_key_reg[59] cannot be properly analyzed as its control pin encoding/input_key_reg[59]/G is not reached by a timing clock
Related violations: <none>

TIMING-20#216 Warning
Non-clocked latch  
The latch encoding/input_key_reg[5] cannot be properly analyzed as its control pin encoding/input_key_reg[5]/G is not reached by a timing clock
Related violations: <none>

TIMING-20#217 Warning
Non-clocked latch  
The latch encoding/input_key_reg[60] cannot be properly analyzed as its control pin encoding/input_key_reg[60]/G is not reached by a timing clock
Related violations: <none>

TIMING-20#218 Warning
Non-clocked latch  
The latch encoding/input_key_reg[61] cannot be properly analyzed as its control pin encoding/input_key_reg[61]/G is not reached by a timing clock
Related violations: <none>

TIMING-20#219 Warning
Non-clocked latch  
The latch encoding/input_key_reg[62] cannot be properly analyzed as its control pin encoding/input_key_reg[62]/G is not reached by a timing clock
Related violations: <none>

TIMING-20#220 Warning
Non-clocked latch  
The latch encoding/input_key_reg[63] cannot be properly analyzed as its control pin encoding/input_key_reg[63]/G is not reached by a timing clock
Related violations: <none>

TIMING-20#221 Warning
Non-clocked latch  
The latch encoding/input_key_reg[64] cannot be properly analyzed as its control pin encoding/input_key_reg[64]/G is not reached by a timing clock
Related violations: <none>

TIMING-20#222 Warning
Non-clocked latch  
The latch encoding/input_key_reg[65] cannot be properly analyzed as its control pin encoding/input_key_reg[65]/G is not reached by a timing clock
Related violations: <none>

TIMING-20#223 Warning
Non-clocked latch  
The latch encoding/input_key_reg[66] cannot be properly analyzed as its control pin encoding/input_key_reg[66]/G is not reached by a timing clock
Related violations: <none>

TIMING-20#224 Warning
Non-clocked latch  
The latch encoding/input_key_reg[67] cannot be properly analyzed as its control pin encoding/input_key_reg[67]/G is not reached by a timing clock
Related violations: <none>

TIMING-20#225 Warning
Non-clocked latch  
The latch encoding/input_key_reg[68] cannot be properly analyzed as its control pin encoding/input_key_reg[68]/G is not reached by a timing clock
Related violations: <none>

TIMING-20#226 Warning
Non-clocked latch  
The latch encoding/input_key_reg[69] cannot be properly analyzed as its control pin encoding/input_key_reg[69]/G is not reached by a timing clock
Related violations: <none>

TIMING-20#227 Warning
Non-clocked latch  
The latch encoding/input_key_reg[6] cannot be properly analyzed as its control pin encoding/input_key_reg[6]/G is not reached by a timing clock
Related violations: <none>

TIMING-20#228 Warning
Non-clocked latch  
The latch encoding/input_key_reg[70] cannot be properly analyzed as its control pin encoding/input_key_reg[70]/G is not reached by a timing clock
Related violations: <none>

TIMING-20#229 Warning
Non-clocked latch  
The latch encoding/input_key_reg[71] cannot be properly analyzed as its control pin encoding/input_key_reg[71]/G is not reached by a timing clock
Related violations: <none>

TIMING-20#230 Warning
Non-clocked latch  
The latch encoding/input_key_reg[72] cannot be properly analyzed as its control pin encoding/input_key_reg[72]/G is not reached by a timing clock
Related violations: <none>

TIMING-20#231 Warning
Non-clocked latch  
The latch encoding/input_key_reg[73] cannot be properly analyzed as its control pin encoding/input_key_reg[73]/G is not reached by a timing clock
Related violations: <none>

TIMING-20#232 Warning
Non-clocked latch  
The latch encoding/input_key_reg[74] cannot be properly analyzed as its control pin encoding/input_key_reg[74]/G is not reached by a timing clock
Related violations: <none>

TIMING-20#233 Warning
Non-clocked latch  
The latch encoding/input_key_reg[75] cannot be properly analyzed as its control pin encoding/input_key_reg[75]/G is not reached by a timing clock
Related violations: <none>

TIMING-20#234 Warning
Non-clocked latch  
The latch encoding/input_key_reg[76] cannot be properly analyzed as its control pin encoding/input_key_reg[76]/G is not reached by a timing clock
Related violations: <none>

TIMING-20#235 Warning
Non-clocked latch  
The latch encoding/input_key_reg[77] cannot be properly analyzed as its control pin encoding/input_key_reg[77]/G is not reached by a timing clock
Related violations: <none>

TIMING-20#236 Warning
Non-clocked latch  
The latch encoding/input_key_reg[78] cannot be properly analyzed as its control pin encoding/input_key_reg[78]/G is not reached by a timing clock
Related violations: <none>

TIMING-20#237 Warning
Non-clocked latch  
The latch encoding/input_key_reg[79] cannot be properly analyzed as its control pin encoding/input_key_reg[79]/G is not reached by a timing clock
Related violations: <none>

TIMING-20#238 Warning
Non-clocked latch  
The latch encoding/input_key_reg[7] cannot be properly analyzed as its control pin encoding/input_key_reg[7]/G is not reached by a timing clock
Related violations: <none>

TIMING-20#239 Warning
Non-clocked latch  
The latch encoding/input_key_reg[80] cannot be properly analyzed as its control pin encoding/input_key_reg[80]/G is not reached by a timing clock
Related violations: <none>

TIMING-20#240 Warning
Non-clocked latch  
The latch encoding/input_key_reg[81] cannot be properly analyzed as its control pin encoding/input_key_reg[81]/G is not reached by a timing clock
Related violations: <none>

TIMING-20#241 Warning
Non-clocked latch  
The latch encoding/input_key_reg[82] cannot be properly analyzed as its control pin encoding/input_key_reg[82]/G is not reached by a timing clock
Related violations: <none>

TIMING-20#242 Warning
Non-clocked latch  
The latch encoding/input_key_reg[83] cannot be properly analyzed as its control pin encoding/input_key_reg[83]/G is not reached by a timing clock
Related violations: <none>

TIMING-20#243 Warning
Non-clocked latch  
The latch encoding/input_key_reg[84] cannot be properly analyzed as its control pin encoding/input_key_reg[84]/G is not reached by a timing clock
Related violations: <none>

TIMING-20#244 Warning
Non-clocked latch  
The latch encoding/input_key_reg[85] cannot be properly analyzed as its control pin encoding/input_key_reg[85]/G is not reached by a timing clock
Related violations: <none>

TIMING-20#245 Warning
Non-clocked latch  
The latch encoding/input_key_reg[86] cannot be properly analyzed as its control pin encoding/input_key_reg[86]/G is not reached by a timing clock
Related violations: <none>

TIMING-20#246 Warning
Non-clocked latch  
The latch encoding/input_key_reg[87] cannot be properly analyzed as its control pin encoding/input_key_reg[87]/G is not reached by a timing clock
Related violations: <none>

TIMING-20#247 Warning
Non-clocked latch  
The latch encoding/input_key_reg[88] cannot be properly analyzed as its control pin encoding/input_key_reg[88]/G is not reached by a timing clock
Related violations: <none>

TIMING-20#248 Warning
Non-clocked latch  
The latch encoding/input_key_reg[89] cannot be properly analyzed as its control pin encoding/input_key_reg[89]/G is not reached by a timing clock
Related violations: <none>

TIMING-20#249 Warning
Non-clocked latch  
The latch encoding/input_key_reg[8] cannot be properly analyzed as its control pin encoding/input_key_reg[8]/G is not reached by a timing clock
Related violations: <none>

TIMING-20#250 Warning
Non-clocked latch  
The latch encoding/input_key_reg[90] cannot be properly analyzed as its control pin encoding/input_key_reg[90]/G is not reached by a timing clock
Related violations: <none>

TIMING-20#251 Warning
Non-clocked latch  
The latch encoding/input_key_reg[91] cannot be properly analyzed as its control pin encoding/input_key_reg[91]/G is not reached by a timing clock
Related violations: <none>

TIMING-20#252 Warning
Non-clocked latch  
The latch encoding/input_key_reg[92] cannot be properly analyzed as its control pin encoding/input_key_reg[92]/G is not reached by a timing clock
Related violations: <none>

TIMING-20#253 Warning
Non-clocked latch  
The latch encoding/input_key_reg[93] cannot be properly analyzed as its control pin encoding/input_key_reg[93]/G is not reached by a timing clock
Related violations: <none>

TIMING-20#254 Warning
Non-clocked latch  
The latch encoding/input_key_reg[94] cannot be properly analyzed as its control pin encoding/input_key_reg[94]/G is not reached by a timing clock
Related violations: <none>

TIMING-20#255 Warning
Non-clocked latch  
The latch encoding/input_key_reg[95] cannot be properly analyzed as its control pin encoding/input_key_reg[95]/G is not reached by a timing clock
Related violations: <none>

TIMING-20#256 Warning
Non-clocked latch  
The latch encoding/input_key_reg[96] cannot be properly analyzed as its control pin encoding/input_key_reg[96]/G is not reached by a timing clock
Related violations: <none>

TIMING-20#257 Warning
Non-clocked latch  
The latch encoding/input_key_reg[97] cannot be properly analyzed as its control pin encoding/input_key_reg[97]/G is not reached by a timing clock
Related violations: <none>

TIMING-20#258 Warning
Non-clocked latch  
The latch encoding/input_key_reg[98] cannot be properly analyzed as its control pin encoding/input_key_reg[98]/G is not reached by a timing clock
Related violations: <none>

TIMING-20#259 Warning
Non-clocked latch  
The latch encoding/input_key_reg[99] cannot be properly analyzed as its control pin encoding/input_key_reg[99]/G is not reached by a timing clock
Related violations: <none>

TIMING-20#260 Warning
Non-clocked latch  
The latch encoding/input_key_reg[9] cannot be properly analyzed as its control pin encoding/input_key_reg[9]/G is not reached by a timing clock
Related violations: <none>

TIMING-20#261 Warning
Non-clocked latch  
The latch encoding/loop_counter_reg[0] cannot be properly analyzed as its control pin encoding/loop_counter_reg[0]/G is not reached by a timing clock
Related violations: <none>

TIMING-20#262 Warning
Non-clocked latch  
The latch encoding/loop_counter_reg[1] cannot be properly analyzed as its control pin encoding/loop_counter_reg[1]/G is not reached by a timing clock
Related violations: <none>

TIMING-20#263 Warning
Non-clocked latch  
The latch encoding/loop_counter_reg[2] cannot be properly analyzed as its control pin encoding/loop_counter_reg[2]/G is not reached by a timing clock
Related violations: <none>

TIMING-20#264 Warning
Non-clocked latch  
The latch encoding/loop_counter_reg[3] cannot be properly analyzed as its control pin encoding/loop_counter_reg[3]/G is not reached by a timing clock
Related violations: <none>

TIMING-20#265 Warning
Non-clocked latch  
The latch encoding/output_array_reg[0] cannot be properly analyzed as its control pin encoding/output_array_reg[0]/G is not reached by a timing clock
Related violations: <none>

TIMING-20#266 Warning
Non-clocked latch  
The latch encoding/output_array_reg[100] cannot be properly analyzed as its control pin encoding/output_array_reg[100]/G is not reached by a timing clock
Related violations: <none>

TIMING-20#267 Warning
Non-clocked latch  
The latch encoding/output_array_reg[101] cannot be properly analyzed as its control pin encoding/output_array_reg[101]/G is not reached by a timing clock
Related violations: <none>

TIMING-20#268 Warning
Non-clocked latch  
The latch encoding/output_array_reg[102] cannot be properly analyzed as its control pin encoding/output_array_reg[102]/G is not reached by a timing clock
Related violations: <none>

TIMING-20#269 Warning
Non-clocked latch  
The latch encoding/output_array_reg[103] cannot be properly analyzed as its control pin encoding/output_array_reg[103]/G is not reached by a timing clock
Related violations: <none>

TIMING-20#270 Warning
Non-clocked latch  
The latch encoding/output_array_reg[104] cannot be properly analyzed as its control pin encoding/output_array_reg[104]/G is not reached by a timing clock
Related violations: <none>

TIMING-20#271 Warning
Non-clocked latch  
The latch encoding/output_array_reg[105] cannot be properly analyzed as its control pin encoding/output_array_reg[105]/G is not reached by a timing clock
Related violations: <none>

TIMING-20#272 Warning
Non-clocked latch  
The latch encoding/output_array_reg[106] cannot be properly analyzed as its control pin encoding/output_array_reg[106]/G is not reached by a timing clock
Related violations: <none>

TIMING-20#273 Warning
Non-clocked latch  
The latch encoding/output_array_reg[107] cannot be properly analyzed as its control pin encoding/output_array_reg[107]/G is not reached by a timing clock
Related violations: <none>

TIMING-20#274 Warning
Non-clocked latch  
The latch encoding/output_array_reg[108] cannot be properly analyzed as its control pin encoding/output_array_reg[108]/G is not reached by a timing clock
Related violations: <none>

TIMING-20#275 Warning
Non-clocked latch  
The latch encoding/output_array_reg[109] cannot be properly analyzed as its control pin encoding/output_array_reg[109]/G is not reached by a timing clock
Related violations: <none>

TIMING-20#276 Warning
Non-clocked latch  
The latch encoding/output_array_reg[10] cannot be properly analyzed as its control pin encoding/output_array_reg[10]/G is not reached by a timing clock
Related violations: <none>

TIMING-20#277 Warning
Non-clocked latch  
The latch encoding/output_array_reg[110] cannot be properly analyzed as its control pin encoding/output_array_reg[110]/G is not reached by a timing clock
Related violations: <none>

TIMING-20#278 Warning
Non-clocked latch  
The latch encoding/output_array_reg[111] cannot be properly analyzed as its control pin encoding/output_array_reg[111]/G is not reached by a timing clock
Related violations: <none>

TIMING-20#279 Warning
Non-clocked latch  
The latch encoding/output_array_reg[112] cannot be properly analyzed as its control pin encoding/output_array_reg[112]/G is not reached by a timing clock
Related violations: <none>

TIMING-20#280 Warning
Non-clocked latch  
The latch encoding/output_array_reg[113] cannot be properly analyzed as its control pin encoding/output_array_reg[113]/G is not reached by a timing clock
Related violations: <none>

TIMING-20#281 Warning
Non-clocked latch  
The latch encoding/output_array_reg[114] cannot be properly analyzed as its control pin encoding/output_array_reg[114]/G is not reached by a timing clock
Related violations: <none>

TIMING-20#282 Warning
Non-clocked latch  
The latch encoding/output_array_reg[115] cannot be properly analyzed as its control pin encoding/output_array_reg[115]/G is not reached by a timing clock
Related violations: <none>

TIMING-20#283 Warning
Non-clocked latch  
The latch encoding/output_array_reg[116] cannot be properly analyzed as its control pin encoding/output_array_reg[116]/G is not reached by a timing clock
Related violations: <none>

TIMING-20#284 Warning
Non-clocked latch  
The latch encoding/output_array_reg[117] cannot be properly analyzed as its control pin encoding/output_array_reg[117]/G is not reached by a timing clock
Related violations: <none>

TIMING-20#285 Warning
Non-clocked latch  
The latch encoding/output_array_reg[118] cannot be properly analyzed as its control pin encoding/output_array_reg[118]/G is not reached by a timing clock
Related violations: <none>

TIMING-20#286 Warning
Non-clocked latch  
The latch encoding/output_array_reg[119] cannot be properly analyzed as its control pin encoding/output_array_reg[119]/G is not reached by a timing clock
Related violations: <none>

TIMING-20#287 Warning
Non-clocked latch  
The latch encoding/output_array_reg[11] cannot be properly analyzed as its control pin encoding/output_array_reg[11]/G is not reached by a timing clock
Related violations: <none>

TIMING-20#288 Warning
Non-clocked latch  
The latch encoding/output_array_reg[120] cannot be properly analyzed as its control pin encoding/output_array_reg[120]/G is not reached by a timing clock
Related violations: <none>

TIMING-20#289 Warning
Non-clocked latch  
The latch encoding/output_array_reg[121] cannot be properly analyzed as its control pin encoding/output_array_reg[121]/G is not reached by a timing clock
Related violations: <none>

TIMING-20#290 Warning
Non-clocked latch  
The latch encoding/output_array_reg[122] cannot be properly analyzed as its control pin encoding/output_array_reg[122]/G is not reached by a timing clock
Related violations: <none>

TIMING-20#291 Warning
Non-clocked latch  
The latch encoding/output_array_reg[123] cannot be properly analyzed as its control pin encoding/output_array_reg[123]/G is not reached by a timing clock
Related violations: <none>

TIMING-20#292 Warning
Non-clocked latch  
The latch encoding/output_array_reg[124] cannot be properly analyzed as its control pin encoding/output_array_reg[124]/G is not reached by a timing clock
Related violations: <none>

TIMING-20#293 Warning
Non-clocked latch  
The latch encoding/output_array_reg[125] cannot be properly analyzed as its control pin encoding/output_array_reg[125]/G is not reached by a timing clock
Related violations: <none>

TIMING-20#294 Warning
Non-clocked latch  
The latch encoding/output_array_reg[126] cannot be properly analyzed as its control pin encoding/output_array_reg[126]/G is not reached by a timing clock
Related violations: <none>

TIMING-20#295 Warning
Non-clocked latch  
The latch encoding/output_array_reg[127] cannot be properly analyzed as its control pin encoding/output_array_reg[127]/G is not reached by a timing clock
Related violations: <none>

TIMING-20#296 Warning
Non-clocked latch  
The latch encoding/output_array_reg[12] cannot be properly analyzed as its control pin encoding/output_array_reg[12]/G is not reached by a timing clock
Related violations: <none>

TIMING-20#297 Warning
Non-clocked latch  
The latch encoding/output_array_reg[13] cannot be properly analyzed as its control pin encoding/output_array_reg[13]/G is not reached by a timing clock
Related violations: <none>

TIMING-20#298 Warning
Non-clocked latch  
The latch encoding/output_array_reg[14] cannot be properly analyzed as its control pin encoding/output_array_reg[14]/G is not reached by a timing clock
Related violations: <none>

TIMING-20#299 Warning
Non-clocked latch  
The latch encoding/output_array_reg[15] cannot be properly analyzed as its control pin encoding/output_array_reg[15]/G is not reached by a timing clock
Related violations: <none>

TIMING-20#300 Warning
Non-clocked latch  
The latch encoding/output_array_reg[16] cannot be properly analyzed as its control pin encoding/output_array_reg[16]/G is not reached by a timing clock
Related violations: <none>

TIMING-20#301 Warning
Non-clocked latch  
The latch encoding/output_array_reg[17] cannot be properly analyzed as its control pin encoding/output_array_reg[17]/G is not reached by a timing clock
Related violations: <none>

TIMING-20#302 Warning
Non-clocked latch  
The latch encoding/output_array_reg[18] cannot be properly analyzed as its control pin encoding/output_array_reg[18]/G is not reached by a timing clock
Related violations: <none>

TIMING-20#303 Warning
Non-clocked latch  
The latch encoding/output_array_reg[19] cannot be properly analyzed as its control pin encoding/output_array_reg[19]/G is not reached by a timing clock
Related violations: <none>

TIMING-20#304 Warning
Non-clocked latch  
The latch encoding/output_array_reg[1] cannot be properly analyzed as its control pin encoding/output_array_reg[1]/G is not reached by a timing clock
Related violations: <none>

TIMING-20#305 Warning
Non-clocked latch  
The latch encoding/output_array_reg[20] cannot be properly analyzed as its control pin encoding/output_array_reg[20]/G is not reached by a timing clock
Related violations: <none>

TIMING-20#306 Warning
Non-clocked latch  
The latch encoding/output_array_reg[21] cannot be properly analyzed as its control pin encoding/output_array_reg[21]/G is not reached by a timing clock
Related violations: <none>

TIMING-20#307 Warning
Non-clocked latch  
The latch encoding/output_array_reg[22] cannot be properly analyzed as its control pin encoding/output_array_reg[22]/G is not reached by a timing clock
Related violations: <none>

TIMING-20#308 Warning
Non-clocked latch  
The latch encoding/output_array_reg[23] cannot be properly analyzed as its control pin encoding/output_array_reg[23]/G is not reached by a timing clock
Related violations: <none>

TIMING-20#309 Warning
Non-clocked latch  
The latch encoding/output_array_reg[24] cannot be properly analyzed as its control pin encoding/output_array_reg[24]/G is not reached by a timing clock
Related violations: <none>

TIMING-20#310 Warning
Non-clocked latch  
The latch encoding/output_array_reg[25] cannot be properly analyzed as its control pin encoding/output_array_reg[25]/G is not reached by a timing clock
Related violations: <none>

TIMING-20#311 Warning
Non-clocked latch  
The latch encoding/output_array_reg[26] cannot be properly analyzed as its control pin encoding/output_array_reg[26]/G is not reached by a timing clock
Related violations: <none>

TIMING-20#312 Warning
Non-clocked latch  
The latch encoding/output_array_reg[27] cannot be properly analyzed as its control pin encoding/output_array_reg[27]/G is not reached by a timing clock
Related violations: <none>

TIMING-20#313 Warning
Non-clocked latch  
The latch encoding/output_array_reg[28] cannot be properly analyzed as its control pin encoding/output_array_reg[28]/G is not reached by a timing clock
Related violations: <none>

TIMING-20#314 Warning
Non-clocked latch  
The latch encoding/output_array_reg[29] cannot be properly analyzed as its control pin encoding/output_array_reg[29]/G is not reached by a timing clock
Related violations: <none>

TIMING-20#315 Warning
Non-clocked latch  
The latch encoding/output_array_reg[2] cannot be properly analyzed as its control pin encoding/output_array_reg[2]/G is not reached by a timing clock
Related violations: <none>

TIMING-20#316 Warning
Non-clocked latch  
The latch encoding/output_array_reg[30] cannot be properly analyzed as its control pin encoding/output_array_reg[30]/G is not reached by a timing clock
Related violations: <none>

TIMING-20#317 Warning
Non-clocked latch  
The latch encoding/output_array_reg[31] cannot be properly analyzed as its control pin encoding/output_array_reg[31]/G is not reached by a timing clock
Related violations: <none>

TIMING-20#318 Warning
Non-clocked latch  
The latch encoding/output_array_reg[32] cannot be properly analyzed as its control pin encoding/output_array_reg[32]/G is not reached by a timing clock
Related violations: <none>

TIMING-20#319 Warning
Non-clocked latch  
The latch encoding/output_array_reg[33] cannot be properly analyzed as its control pin encoding/output_array_reg[33]/G is not reached by a timing clock
Related violations: <none>

TIMING-20#320 Warning
Non-clocked latch  
The latch encoding/output_array_reg[34] cannot be properly analyzed as its control pin encoding/output_array_reg[34]/G is not reached by a timing clock
Related violations: <none>

TIMING-20#321 Warning
Non-clocked latch  
The latch encoding/output_array_reg[35] cannot be properly analyzed as its control pin encoding/output_array_reg[35]/G is not reached by a timing clock
Related violations: <none>

TIMING-20#322 Warning
Non-clocked latch  
The latch encoding/output_array_reg[36] cannot be properly analyzed as its control pin encoding/output_array_reg[36]/G is not reached by a timing clock
Related violations: <none>

TIMING-20#323 Warning
Non-clocked latch  
The latch encoding/output_array_reg[37] cannot be properly analyzed as its control pin encoding/output_array_reg[37]/G is not reached by a timing clock
Related violations: <none>

TIMING-20#324 Warning
Non-clocked latch  
The latch encoding/output_array_reg[38] cannot be properly analyzed as its control pin encoding/output_array_reg[38]/G is not reached by a timing clock
Related violations: <none>

TIMING-20#325 Warning
Non-clocked latch  
The latch encoding/output_array_reg[39] cannot be properly analyzed as its control pin encoding/output_array_reg[39]/G is not reached by a timing clock
Related violations: <none>

TIMING-20#326 Warning
Non-clocked latch  
The latch encoding/output_array_reg[3] cannot be properly analyzed as its control pin encoding/output_array_reg[3]/G is not reached by a timing clock
Related violations: <none>

TIMING-20#327 Warning
Non-clocked latch  
The latch encoding/output_array_reg[40] cannot be properly analyzed as its control pin encoding/output_array_reg[40]/G is not reached by a timing clock
Related violations: <none>

TIMING-20#328 Warning
Non-clocked latch  
The latch encoding/output_array_reg[41] cannot be properly analyzed as its control pin encoding/output_array_reg[41]/G is not reached by a timing clock
Related violations: <none>

TIMING-20#329 Warning
Non-clocked latch  
The latch encoding/output_array_reg[42] cannot be properly analyzed as its control pin encoding/output_array_reg[42]/G is not reached by a timing clock
Related violations: <none>

TIMING-20#330 Warning
Non-clocked latch  
The latch encoding/output_array_reg[43] cannot be properly analyzed as its control pin encoding/output_array_reg[43]/G is not reached by a timing clock
Related violations: <none>

TIMING-20#331 Warning
Non-clocked latch  
The latch encoding/output_array_reg[44] cannot be properly analyzed as its control pin encoding/output_array_reg[44]/G is not reached by a timing clock
Related violations: <none>

TIMING-20#332 Warning
Non-clocked latch  
The latch encoding/output_array_reg[45] cannot be properly analyzed as its control pin encoding/output_array_reg[45]/G is not reached by a timing clock
Related violations: <none>

TIMING-20#333 Warning
Non-clocked latch  
The latch encoding/output_array_reg[46] cannot be properly analyzed as its control pin encoding/output_array_reg[46]/G is not reached by a timing clock
Related violations: <none>

TIMING-20#334 Warning
Non-clocked latch  
The latch encoding/output_array_reg[47] cannot be properly analyzed as its control pin encoding/output_array_reg[47]/G is not reached by a timing clock
Related violations: <none>

TIMING-20#335 Warning
Non-clocked latch  
The latch encoding/output_array_reg[48] cannot be properly analyzed as its control pin encoding/output_array_reg[48]/G is not reached by a timing clock
Related violations: <none>

TIMING-20#336 Warning
Non-clocked latch  
The latch encoding/output_array_reg[49] cannot be properly analyzed as its control pin encoding/output_array_reg[49]/G is not reached by a timing clock
Related violations: <none>

TIMING-20#337 Warning
Non-clocked latch  
The latch encoding/output_array_reg[4] cannot be properly analyzed as its control pin encoding/output_array_reg[4]/G is not reached by a timing clock
Related violations: <none>

TIMING-20#338 Warning
Non-clocked latch  
The latch encoding/output_array_reg[50] cannot be properly analyzed as its control pin encoding/output_array_reg[50]/G is not reached by a timing clock
Related violations: <none>

TIMING-20#339 Warning
Non-clocked latch  
The latch encoding/output_array_reg[51] cannot be properly analyzed as its control pin encoding/output_array_reg[51]/G is not reached by a timing clock
Related violations: <none>

TIMING-20#340 Warning
Non-clocked latch  
The latch encoding/output_array_reg[52] cannot be properly analyzed as its control pin encoding/output_array_reg[52]/G is not reached by a timing clock
Related violations: <none>

TIMING-20#341 Warning
Non-clocked latch  
The latch encoding/output_array_reg[53] cannot be properly analyzed as its control pin encoding/output_array_reg[53]/G is not reached by a timing clock
Related violations: <none>

TIMING-20#342 Warning
Non-clocked latch  
The latch encoding/output_array_reg[54] cannot be properly analyzed as its control pin encoding/output_array_reg[54]/G is not reached by a timing clock
Related violations: <none>

TIMING-20#343 Warning
Non-clocked latch  
The latch encoding/output_array_reg[55] cannot be properly analyzed as its control pin encoding/output_array_reg[55]/G is not reached by a timing clock
Related violations: <none>

TIMING-20#344 Warning
Non-clocked latch  
The latch encoding/output_array_reg[56] cannot be properly analyzed as its control pin encoding/output_array_reg[56]/G is not reached by a timing clock
Related violations: <none>

TIMING-20#345 Warning
Non-clocked latch  
The latch encoding/output_array_reg[57] cannot be properly analyzed as its control pin encoding/output_array_reg[57]/G is not reached by a timing clock
Related violations: <none>

TIMING-20#346 Warning
Non-clocked latch  
The latch encoding/output_array_reg[58] cannot be properly analyzed as its control pin encoding/output_array_reg[58]/G is not reached by a timing clock
Related violations: <none>

TIMING-20#347 Warning
Non-clocked latch  
The latch encoding/output_array_reg[59] cannot be properly analyzed as its control pin encoding/output_array_reg[59]/G is not reached by a timing clock
Related violations: <none>

TIMING-20#348 Warning
Non-clocked latch  
The latch encoding/output_array_reg[5] cannot be properly analyzed as its control pin encoding/output_array_reg[5]/G is not reached by a timing clock
Related violations: <none>

TIMING-20#349 Warning
Non-clocked latch  
The latch encoding/output_array_reg[60] cannot be properly analyzed as its control pin encoding/output_array_reg[60]/G is not reached by a timing clock
Related violations: <none>

TIMING-20#350 Warning
Non-clocked latch  
The latch encoding/output_array_reg[61] cannot be properly analyzed as its control pin encoding/output_array_reg[61]/G is not reached by a timing clock
Related violations: <none>

TIMING-20#351 Warning
Non-clocked latch  
The latch encoding/output_array_reg[62] cannot be properly analyzed as its control pin encoding/output_array_reg[62]/G is not reached by a timing clock
Related violations: <none>

TIMING-20#352 Warning
Non-clocked latch  
The latch encoding/output_array_reg[63] cannot be properly analyzed as its control pin encoding/output_array_reg[63]/G is not reached by a timing clock
Related violations: <none>

TIMING-20#353 Warning
Non-clocked latch  
The latch encoding/output_array_reg[64] cannot be properly analyzed as its control pin encoding/output_array_reg[64]/G is not reached by a timing clock
Related violations: <none>

TIMING-20#354 Warning
Non-clocked latch  
The latch encoding/output_array_reg[65] cannot be properly analyzed as its control pin encoding/output_array_reg[65]/G is not reached by a timing clock
Related violations: <none>

TIMING-20#355 Warning
Non-clocked latch  
The latch encoding/output_array_reg[66] cannot be properly analyzed as its control pin encoding/output_array_reg[66]/G is not reached by a timing clock
Related violations: <none>

TIMING-20#356 Warning
Non-clocked latch  
The latch encoding/output_array_reg[67] cannot be properly analyzed as its control pin encoding/output_array_reg[67]/G is not reached by a timing clock
Related violations: <none>

TIMING-20#357 Warning
Non-clocked latch  
The latch encoding/output_array_reg[68] cannot be properly analyzed as its control pin encoding/output_array_reg[68]/G is not reached by a timing clock
Related violations: <none>

TIMING-20#358 Warning
Non-clocked latch  
The latch encoding/output_array_reg[69] cannot be properly analyzed as its control pin encoding/output_array_reg[69]/G is not reached by a timing clock
Related violations: <none>

TIMING-20#359 Warning
Non-clocked latch  
The latch encoding/output_array_reg[6] cannot be properly analyzed as its control pin encoding/output_array_reg[6]/G is not reached by a timing clock
Related violations: <none>

TIMING-20#360 Warning
Non-clocked latch  
The latch encoding/output_array_reg[70] cannot be properly analyzed as its control pin encoding/output_array_reg[70]/G is not reached by a timing clock
Related violations: <none>

TIMING-20#361 Warning
Non-clocked latch  
The latch encoding/output_array_reg[71] cannot be properly analyzed as its control pin encoding/output_array_reg[71]/G is not reached by a timing clock
Related violations: <none>

TIMING-20#362 Warning
Non-clocked latch  
The latch encoding/output_array_reg[72] cannot be properly analyzed as its control pin encoding/output_array_reg[72]/G is not reached by a timing clock
Related violations: <none>

TIMING-20#363 Warning
Non-clocked latch  
The latch encoding/output_array_reg[73] cannot be properly analyzed as its control pin encoding/output_array_reg[73]/G is not reached by a timing clock
Related violations: <none>

TIMING-20#364 Warning
Non-clocked latch  
The latch encoding/output_array_reg[74] cannot be properly analyzed as its control pin encoding/output_array_reg[74]/G is not reached by a timing clock
Related violations: <none>

TIMING-20#365 Warning
Non-clocked latch  
The latch encoding/output_array_reg[75] cannot be properly analyzed as its control pin encoding/output_array_reg[75]/G is not reached by a timing clock
Related violations: <none>

TIMING-20#366 Warning
Non-clocked latch  
The latch encoding/output_array_reg[76] cannot be properly analyzed as its control pin encoding/output_array_reg[76]/G is not reached by a timing clock
Related violations: <none>

TIMING-20#367 Warning
Non-clocked latch  
The latch encoding/output_array_reg[77] cannot be properly analyzed as its control pin encoding/output_array_reg[77]/G is not reached by a timing clock
Related violations: <none>

TIMING-20#368 Warning
Non-clocked latch  
The latch encoding/output_array_reg[78] cannot be properly analyzed as its control pin encoding/output_array_reg[78]/G is not reached by a timing clock
Related violations: <none>

TIMING-20#369 Warning
Non-clocked latch  
The latch encoding/output_array_reg[79] cannot be properly analyzed as its control pin encoding/output_array_reg[79]/G is not reached by a timing clock
Related violations: <none>

TIMING-20#370 Warning
Non-clocked latch  
The latch encoding/output_array_reg[7] cannot be properly analyzed as its control pin encoding/output_array_reg[7]/G is not reached by a timing clock
Related violations: <none>

TIMING-20#371 Warning
Non-clocked latch  
The latch encoding/output_array_reg[80] cannot be properly analyzed as its control pin encoding/output_array_reg[80]/G is not reached by a timing clock
Related violations: <none>

TIMING-20#372 Warning
Non-clocked latch  
The latch encoding/output_array_reg[81] cannot be properly analyzed as its control pin encoding/output_array_reg[81]/G is not reached by a timing clock
Related violations: <none>

TIMING-20#373 Warning
Non-clocked latch  
The latch encoding/output_array_reg[82] cannot be properly analyzed as its control pin encoding/output_array_reg[82]/G is not reached by a timing clock
Related violations: <none>

TIMING-20#374 Warning
Non-clocked latch  
The latch encoding/output_array_reg[83] cannot be properly analyzed as its control pin encoding/output_array_reg[83]/G is not reached by a timing clock
Related violations: <none>

TIMING-20#375 Warning
Non-clocked latch  
The latch encoding/output_array_reg[84] cannot be properly analyzed as its control pin encoding/output_array_reg[84]/G is not reached by a timing clock
Related violations: <none>

TIMING-20#376 Warning
Non-clocked latch  
The latch encoding/output_array_reg[85] cannot be properly analyzed as its control pin encoding/output_array_reg[85]/G is not reached by a timing clock
Related violations: <none>

TIMING-20#377 Warning
Non-clocked latch  
The latch encoding/output_array_reg[86] cannot be properly analyzed as its control pin encoding/output_array_reg[86]/G is not reached by a timing clock
Related violations: <none>

TIMING-20#378 Warning
Non-clocked latch  
The latch encoding/output_array_reg[87] cannot be properly analyzed as its control pin encoding/output_array_reg[87]/G is not reached by a timing clock
Related violations: <none>

TIMING-20#379 Warning
Non-clocked latch  
The latch encoding/output_array_reg[88] cannot be properly analyzed as its control pin encoding/output_array_reg[88]/G is not reached by a timing clock
Related violations: <none>

TIMING-20#380 Warning
Non-clocked latch  
The latch encoding/output_array_reg[89] cannot be properly analyzed as its control pin encoding/output_array_reg[89]/G is not reached by a timing clock
Related violations: <none>

TIMING-20#381 Warning
Non-clocked latch  
The latch encoding/output_array_reg[8] cannot be properly analyzed as its control pin encoding/output_array_reg[8]/G is not reached by a timing clock
Related violations: <none>

TIMING-20#382 Warning
Non-clocked latch  
The latch encoding/output_array_reg[90] cannot be properly analyzed as its control pin encoding/output_array_reg[90]/G is not reached by a timing clock
Related violations: <none>

TIMING-20#383 Warning
Non-clocked latch  
The latch encoding/output_array_reg[91] cannot be properly analyzed as its control pin encoding/output_array_reg[91]/G is not reached by a timing clock
Related violations: <none>

TIMING-20#384 Warning
Non-clocked latch  
The latch encoding/output_array_reg[92] cannot be properly analyzed as its control pin encoding/output_array_reg[92]/G is not reached by a timing clock
Related violations: <none>

TIMING-20#385 Warning
Non-clocked latch  
The latch encoding/output_array_reg[93] cannot be properly analyzed as its control pin encoding/output_array_reg[93]/G is not reached by a timing clock
Related violations: <none>

TIMING-20#386 Warning
Non-clocked latch  
The latch encoding/output_array_reg[94] cannot be properly analyzed as its control pin encoding/output_array_reg[94]/G is not reached by a timing clock
Related violations: <none>

TIMING-20#387 Warning
Non-clocked latch  
The latch encoding/output_array_reg[95] cannot be properly analyzed as its control pin encoding/output_array_reg[95]/G is not reached by a timing clock
Related violations: <none>

TIMING-20#388 Warning
Non-clocked latch  
The latch encoding/output_array_reg[96] cannot be properly analyzed as its control pin encoding/output_array_reg[96]/G is not reached by a timing clock
Related violations: <none>

TIMING-20#389 Warning
Non-clocked latch  
The latch encoding/output_array_reg[97] cannot be properly analyzed as its control pin encoding/output_array_reg[97]/G is not reached by a timing clock
Related violations: <none>

TIMING-20#390 Warning
Non-clocked latch  
The latch encoding/output_array_reg[98] cannot be properly analyzed as its control pin encoding/output_array_reg[98]/G is not reached by a timing clock
Related violations: <none>

TIMING-20#391 Warning
Non-clocked latch  
The latch encoding/output_array_reg[99] cannot be properly analyzed as its control pin encoding/output_array_reg[99]/G is not reached by a timing clock
Related violations: <none>

TIMING-20#392 Warning
Non-clocked latch  
The latch encoding/output_array_reg[9] cannot be properly analyzed as its control pin encoding/output_array_reg[9]/G is not reached by a timing clock
Related violations: <none>


